Using pre-set license
Built from '2021.1/staging' branch; Version is '2021.1.21f1 (f2d5d3c59f8c) revision 15914451'; Using compiler version '192528614'; Build Type 'Release'
OS: 'Windows 10 Pro; OS build 19042.1237; Version 2009; 64bit' Language: 'en' Physical Memory: 65479 MB
BatchMode: 1, IsHumanControllingUs: 0, StartBugReporterOnCrash: 0, Is64bit: 1, IsPro: 0

COMMAND LINE ARGUMENTS:
C:\Program Files\Unity\Hub\Editor\2021.1.21f1\Editor\Unity.exe
-adb2
-batchMode
-noUpm
-name
AssetImportWorker0
-projectPath
E:/MyProjects/SpaceGame/Space Game
-logFile
Logs/AssetImportWorker0.log
-srvPort
63199
Successfully changed project path to: E:/MyProjects/SpaceGame/Space Game
E:/MyProjects/SpaceGame/Space Game
Using Asset Import Pipeline V2.
Refreshing native plugins compatible for Editor in 162.65 ms, found 4 plugins.
Preloading 0 native plugins for Editor in 0.00 ms.
Initialize engine version: 2021.1.21f1 (f2d5d3c59f8c)
[Subsystems] Discovering subsystems at path C:/Program Files/Unity/Hub/Editor/2021.1.21f1/Editor/Data/Resources/UnitySubsystems
[Subsystems] Discovering subsystems at path E:/MyProjects/SpaceGame/Space Game/Assets
GfxDevice: creating device client; threaded=0; jobified=0
Direct3D:
    Version:  Direct3D 11.0 [level 11.1]
    Renderer: NVIDIA GeForce GTX 1660 SUPER (ID=0x21c4)
    Vendor:   NVIDIA
    VRAM:     5991 MB
    Driver:   30.0.14.7196
Initialize mono
Mono path[0] = 'C:/Program Files/Unity/Hub/Editor/2021.1.21f1/Editor/Data/Managed'
Mono path[1] = 'C:/Program Files/Unity/Hub/Editor/2021.1.21f1/Editor/Data/MonoBleedingEdge/lib/mono/unityjit'
Mono config path = 'C:/Program Files/Unity/Hub/Editor/2021.1.21f1/Editor/Data/MonoBleedingEdge/etc'
Using monoOptions --debugger-agent=transport=dt_socket,embedding=1,server=y,suspend=n,address=127.0.0.1:56316
Begin MonoManager ReloadAssembly
Registering precompiled unity dll's ...
Register platform support module: C:/Program Files/Unity/Hub/Editor/2021.1.21f1/Editor/Data/PlaybackEngines/WindowsStandaloneSupport/UnityEditor.WindowsStandalone.Extensions.dll
Registered in 0.003123 seconds.
Native extension for WindowsStandalone target not found
Refreshing native plugins compatible for Editor in 142.65 ms, found 4 plugins.
Preloading 0 native plugins for Editor in 0.00 ms.
Mono: successfully reloaded assembly
- Completed reload, in  1.930 seconds
Domain Reload Profiling:
	ReloadAssembly (1930ms)
		BeginReloadAssembly (90ms)
			ExecutionOrderSort (0ms)
			DisableScriptedObjects (0ms)
			BackupInstance (0ms)
			ReleaseScriptingObjects (0ms)
			CreateAndSetChildDomain (1ms)
		EndReloadAssembly (683ms)
			LoadAssemblies (86ms)
			RebuildTransferFunctionScriptingTraits (0ms)
			SetupTypeCache (220ms)
			ReleaseScriptCaches (0ms)
			RebuildScriptCaches (40ms)
			SetupLoadedEditorAssemblies (356ms)
				LogAssemblyErrors (0ms)
				InitializePlatformSupportModulesInManaged (8ms)
				SetLoadedEditorAssemblies (0ms)
				RefreshPlugins (143ms)
				BeforeProcessingInitializeOnLoad (2ms)
				ProcessInitializeOnLoadAttributes (154ms)
				ProcessInitializeOnLoadMethodAttributes (48ms)
				AfterProcessingInitializeOnLoad (0ms)
				EditorAssembliesLoaded (0ms)
			ExecutionOrderSort2 (0ms)
			AwakeInstancesAfterBackupRestoration (0ms)
Platform modules already initialized, skipping
Registering precompiled user dll's ...
Registered in 0.006775 seconds.
Begin MonoManager ReloadAssembly
Symbol file LoadedFromMemory doesn't match image E:\MyProjects\SpaceGame\Space Game\Library\PackageCache\com.unity.visualscripting@1.6.1\Editor\VisualScripting.Core\Dependencies\YamlDotNet\Unity.VisualScripting.YamlDotNet.dll
Symbol file LoadedFromMemory doesn't match image E:\MyProjects\SpaceGame\Space Game\Library\PackageCache\com.unity.visualscripting@1.6.1\Editor\VisualScripting.Core\Dependencies\DotNetZip\Unity.VisualScripting.IonicZip.dll
Native extension for WindowsStandalone target not found
Refreshing native plugins compatible for Editor in 139.04 ms, found 4 plugins.
Preloading 0 native plugins for Editor in 0.00 ms.
Mono: successfully reloaded assembly
- Completed reload, in  1.915 seconds
Domain Reload Profiling:
	ReloadAssembly (1916ms)
		BeginReloadAssembly (215ms)
			ExecutionOrderSort (0ms)
			DisableScriptedObjects (7ms)
			BackupInstance (0ms)
			ReleaseScriptingObjects (0ms)
			CreateAndSetChildDomain (26ms)
		EndReloadAssembly (1615ms)
			LoadAssemblies (154ms)
			RebuildTransferFunctionScriptingTraits (0ms)
			SetupTypeCache (511ms)
			ReleaseScriptCaches (1ms)
			RebuildScriptCaches (71ms)
			SetupLoadedEditorAssemblies (748ms)
				LogAssemblyErrors (0ms)
				InitializePlatformSupportModulesInManaged (5ms)
				SetLoadedEditorAssemblies (0ms)
				RefreshPlugins (139ms)
				BeforeProcessingInitializeOnLoad (116ms)
				ProcessInitializeOnLoadAttributes (454ms)
				ProcessInitializeOnLoadMethodAttributes (22ms)
				AfterProcessingInitializeOnLoad (12ms)
				EditorAssembliesLoaded (0ms)
			ExecutionOrderSort2 (0ms)
			AwakeInstancesAfterBackupRestoration (10ms)
Platform modules already initialized, skipping
========================================================================
Worker process is ready to serve import requests
Launched and connected shader compiler UnityShaderCompiler.exe after 0.08 seconds
Refreshing native plugins compatible for Editor in 0.88 ms, found 4 plugins.
Preloading 0 native plugins for Editor in 0.00 ms.
Unloading 3680 Unused Serialized files (Serialized files now loaded: 0)
System memory in use before: 136.4 MB.
System memory in use after: 136.6 MB.

Unloading 30 unused Assets to reduce memory usage. Loaded Objects now: 4131.
Total: 4.321800 ms (FindLiveObjects: 0.371800 ms CreateObjectMapping: 0.115400 ms MarkObjects: 3.764400 ms  DeleteObjects: 0.069400 ms)

AssetImportParameters requested are different than current active one (requested -> active):
  custom:framework-win-MediaFoundation: 216162199b28c13a410421893ffa2e32 -> 
  custom:video-decoder-ogg-theora: a1e56fd34408186e4bbccfd4996cb3dc -> 
  custom:container-muxer-webm: aa71ff27fc2769a1b78a27578f13a17b -> 
  custom:container-demuxer-webm: 4f35f7cbe854078d1ac9338744f61a02 -> 
  custom:container-demuxer-ogg: 62fdf1f143b41e24485cea50d1cbac27 -> 
  custom:video-encoder-webm-vp8: eb34c28f22e8b96e1ab97ce403110664 -> 
  custom:video-decoder-webm-vp8: 9c59270c3fd7afecdb556c50c9e8de78 -> 
  custom:audio-decoder-ogg-vorbis: bf7c407c2cedff20999df2af8eb42d56 -> 
  custom:audio-encoder-webm-vorbis: bf7c407c2cedff20999df2af8eb42d56 -> 
========================================================================
Received Import Request.
  path: Assets/Scripts/ProjectEnums.cs
  artifactKey: Guid(6624587cc5f52cc46ae1b03b452c4cc0) Importer(815301076,1909f56bfc062723c751e8b465ee728b)
Start importing Assets/Scripts/ProjectEnums.cs using Guid(6624587cc5f52cc46ae1b03b452c4cc0) Importer(815301076,1909f56bfc062723c751e8b465ee728b)  -> (artifact id: 'f5475f0ce26192f07860f4d7260e29a4') in 0.257607 seconds 
========================================================================
Received Import Request.
  Time since last request: 58.419269 seconds.
  path: Assets/Scripts/ProjectEnums.cs
  artifactKey: Guid(6624587cc5f52cc46ae1b03b452c4cc0) Importer(815301076,1909f56bfc062723c751e8b465ee728b)
Start importing Assets/Scripts/ProjectEnums.cs using Guid(6624587cc5f52cc46ae1b03b452c4cc0) Importer(815301076,1909f56bfc062723c751e8b465ee728b)  -> (artifact id: '8737c14e51f1266463af749d28e1a272') in 0.003888 seconds 
========================================================================
Received Import Request.
  Time since last request: 82.665563 seconds.
  path: Assets/Scripts/ProjectEnums.cs
  artifactKey: Guid(6624587cc5f52cc46ae1b03b452c4cc0) Importer(815301076,1909f56bfc062723c751e8b465ee728b)
Start importing Assets/Scripts/ProjectEnums.cs using Guid(6624587cc5f52cc46ae1b03b452c4cc0) Importer(815301076,1909f56bfc062723c751e8b465ee728b)  -> (artifact id: '69578d34327d996a15d7f1a65af57a60') in 0.004858 seconds 
========================================================================
Received Import Request.
  Time since last request: 2670.945713 seconds.
  path: Assets/Scripts/ProjectEnums.cs
  artifactKey: Guid(6624587cc5f52cc46ae1b03b452c4cc0) Importer(815301076,1909f56bfc062723c751e8b465ee728b)
Start importing Assets/Scripts/ProjectEnums.cs using Guid(6624587cc5f52cc46ae1b03b452c4cc0) Importer(815301076,1909f56bfc062723c751e8b465ee728b)  -> (artifact id: '2d148737b884312fcaf86d2331231309') in 0.009995 seconds 
========================================================================
Received Import Request.
  Time since last request: 1209.744626 seconds.
  path: Assets/Scripts/ProjectEnums.cs
  artifactKey: Guid(6624587cc5f52cc46ae1b03b452c4cc0) Importer(815301076,1909f56bfc062723c751e8b465ee728b)
Start importing Assets/Scripts/ProjectEnums.cs using Guid(6624587cc5f52cc46ae1b03b452c4cc0) Importer(815301076,1909f56bfc062723c751e8b465ee728b)  -> (artifact id: 'cc65e065a756d561f070385cf827bfb3') in 0.003108 seconds 
========================================================================
Received Import Request.
  Time since last request: 171.266959 seconds.
  path: Assets/Scripts/ProjectEnums.cs
  artifactKey: Guid(6624587cc5f52cc46ae1b03b452c4cc0) Importer(815301076,1909f56bfc062723c751e8b465ee728b)
Start importing Assets/Scripts/ProjectEnums.cs using Guid(6624587cc5f52cc46ae1b03b452c4cc0) Importer(815301076,1909f56bfc062723c751e8b465ee728b)  -> (artifact id: 'e08943e27c8350996f396458da7fadca') in 0.004954 seconds 
========================================================================
Received Import Request.
  Time since last request: 156.329050 seconds.
  path: Assets/Scripts/ProjectEnums.cs
  artifactKey: Guid(6624587cc5f52cc46ae1b03b452c4cc0) Importer(815301076,1909f56bfc062723c751e8b465ee728b)
Start importing Assets/Scripts/ProjectEnums.cs using Guid(6624587cc5f52cc46ae1b03b452c4cc0) Importer(815301076,1909f56bfc062723c751e8b465ee728b)  -> (artifact id: '755db3eea380535e8a2233a12de8128b') in 0.005192 seconds 
========================================================================
Received Import Request.
  Time since last request: 47.026060 seconds.
  path: Assets/Scripts/ProjectEnums.cs
  artifactKey: Guid(6624587cc5f52cc46ae1b03b452c4cc0) Importer(815301076,1909f56bfc062723c751e8b465ee728b)
Start importing Assets/Scripts/ProjectEnums.cs using Guid(6624587cc5f52cc46ae1b03b452c4cc0) Importer(815301076,1909f56bfc062723c751e8b465ee728b)  -> (artifact id: 'dd38baf7fe2d865b898c507960177f3e') in 0.004918 seconds 
========================================================================
Received Import Request.
  Time since last request: 10.891291 seconds.
  path: Assets/Scripts/ProjectEnums.cs
  artifactKey: Guid(6624587cc5f52cc46ae1b03b452c4cc0) Importer(815301076,1909f56bfc062723c751e8b465ee728b)
Start importing Assets/Scripts/ProjectEnums.cs using Guid(6624587cc5f52cc46ae1b03b452c4cc0) Importer(815301076,1909f56bfc062723c751e8b465ee728b)  -> (artifact id: 'a631fe1a42e5080a1eb6b5df2d5595fa') in 0.003711 seconds 
========================================================================
Received Import Request.
  Time since last request: 53.383739 seconds.
  path: Assets/Scripts/ProjectEnums.cs
  artifactKey: Guid(6624587cc5f52cc46ae1b03b452c4cc0) Importer(815301076,1909f56bfc062723c751e8b465ee728b)
Start importing Assets/Scripts/ProjectEnums.cs using Guid(6624587cc5f52cc46ae1b03b452c4cc0) Importer(815301076,1909f56bfc062723c751e8b465ee728b)  -> (artifact id: '525d4952fbc0f84230fd376cb67703c6') in 0.007290 seconds 
========================================================================
Received Import Request.
  Time since last request: 34.679607 seconds.
  path: Assets/Scripts/ProjectEnums.cs
  artifactKey: Guid(6624587cc5f52cc46ae1b03b452c4cc0) Importer(815301076,1909f56bfc062723c751e8b465ee728b)
Start importing Assets/Scripts/ProjectEnums.cs using Guid(6624587cc5f52cc46ae1b03b452c4cc0) Importer(815301076,1909f56bfc062723c751e8b465ee728b)  -> (artifact id: 'd122289ac09968bb9e0524fcc2f7833e') in 0.004693 seconds 
========================================================================
Received Import Request.
  Time since last request: 154.012682 seconds.
  path: Assets/Scripts/ProjectEnums.cs
  artifactKey: Guid(6624587cc5f52cc46ae1b03b452c4cc0) Importer(815301076,1909f56bfc062723c751e8b465ee728b)
Start importing Assets/Scripts/ProjectEnums.cs using Guid(6624587cc5f52cc46ae1b03b452c4cc0) Importer(815301076,1909f56bfc062723c751e8b465ee728b)  -> (artifact id: '7dccae3e6fb0f75aebdc4b7b0c53a196') in 0.002877 seconds 
AssetImportWorkerClient::OnTransportError - code=2 error=End of file
