Using pre-set license
Built from '2021.1/staging' branch; Version is '2021.1.21f1 (f2d5d3c59f8c) revision 15914451'; Using compiler version '192528614'; Build Type 'Release'
OS: 'Windows 10 Pro; OS build 19042.1237; Version 2009; 64bit' Language: 'en' Physical Memory: 65479 MB
BatchMode: 1, IsHumanControllingUs: 0, StartBugReporterOnCrash: 0, Is64bit: 1, IsPro: 0

COMMAND LINE ARGUMENTS:
C:\Program Files\Unity\Hub\Editor\2021.1.21f1\Editor\Unity.exe
-adb2
-batchMode
-noUpm
-name
AssetImportWorker0
-projectPath
E:/MyProjects/SpaceGame/Space Game
-logFile
Logs/AssetImportWorker0.log
-srvPort
64889
Successfully changed project path to: E:/MyProjects/SpaceGame/Space Game
E:/MyProjects/SpaceGame/Space Game
Using Asset Import Pipeline V2.
Refreshing native plugins compatible for Editor in 123.54 ms, found 4 plugins.
Preloading 0 native plugins for Editor in 0.00 ms.
Initialize engine version: 2021.1.21f1 (f2d5d3c59f8c)
[Subsystems] Discovering subsystems at path C:/Program Files/Unity/Hub/Editor/2021.1.21f1/Editor/Data/Resources/UnitySubsystems
[Subsystems] Discovering subsystems at path E:/MyProjects/SpaceGame/Space Game/Assets
GfxDevice: creating device client; threaded=0; jobified=0
Direct3D:
    Version:  Direct3D 11.0 [level 11.1]
    Renderer: NVIDIA GeForce GTX 1660 SUPER (ID=0x21c4)
    Vendor:   NVIDIA
    VRAM:     5991 MB
    Driver:   27.21.14.5709
Initialize mono
Mono path[0] = 'C:/Program Files/Unity/Hub/Editor/2021.1.21f1/Editor/Data/Managed'
Mono path[1] = 'C:/Program Files/Unity/Hub/Editor/2021.1.21f1/Editor/Data/MonoBleedingEdge/lib/mono/unityjit'
Mono config path = 'C:/Program Files/Unity/Hub/Editor/2021.1.21f1/Editor/Data/MonoBleedingEdge/etc'
Using monoOptions --debugger-agent=transport=dt_socket,embedding=1,server=y,suspend=n,address=127.0.0.1:56772
Begin MonoManager ReloadAssembly
Registering precompiled unity dll's ...
Register platform support module: C:/Program Files/Unity/Hub/Editor/2021.1.21f1/Editor/Data/PlaybackEngines/WindowsStandaloneSupport/UnityEditor.WindowsStandalone.Extensions.dll
Registered in 0.002819 seconds.
Native extension for WindowsStandalone target not found
Refreshing native plugins compatible for Editor in 127.63 ms, found 4 plugins.
Preloading 0 native plugins for Editor in 0.00 ms.
Mono: successfully reloaded assembly
- Completed reload, in  1.660 seconds
Domain Reload Profiling:
	ReloadAssembly (1661ms)
		BeginReloadAssembly (81ms)
			ExecutionOrderSort (0ms)
			DisableScriptedObjects (0ms)
			BackupInstance (0ms)
			ReleaseScriptingObjects (0ms)
			CreateAndSetChildDomain (1ms)
		EndReloadAssembly (584ms)
			LoadAssemblies (78ms)
			RebuildTransferFunctionScriptingTraits (0ms)
			SetupTypeCache (189ms)
			ReleaseScriptCaches (0ms)
			RebuildScriptCaches (33ms)
			SetupLoadedEditorAssemblies (304ms)
				LogAssemblyErrors (0ms)
				InitializePlatformSupportModulesInManaged (8ms)
				SetLoadedEditorAssemblies (0ms)
				RefreshPlugins (128ms)
				BeforeProcessingInitializeOnLoad (2ms)
				ProcessInitializeOnLoadAttributes (128ms)
				ProcessInitializeOnLoadMethodAttributes (38ms)
				AfterProcessingInitializeOnLoad (0ms)
				EditorAssembliesLoaded (0ms)
			ExecutionOrderSort2 (0ms)
			AwakeInstancesAfterBackupRestoration (0ms)
Platform modules already initialized, skipping
Registering precompiled user dll's ...
Registered in 0.005915 seconds.
Begin MonoManager ReloadAssembly
Symbol file LoadedFromMemory doesn't match image E:\MyProjects\SpaceGame\Space Game\Library\PackageCache\com.unity.visualscripting@1.6.1\Editor\VisualScripting.Core\Dependencies\YamlDotNet\Unity.VisualScripting.YamlDotNet.dll
Symbol file LoadedFromMemory doesn't match image E:\MyProjects\SpaceGame\Space Game\Library\PackageCache\com.unity.visualscripting@1.6.1\Editor\VisualScripting.Core\Dependencies\DotNetZip\Unity.VisualScripting.IonicZip.dll
Native extension for WindowsStandalone target not found
Refreshing native plugins compatible for Editor in 123.01 ms, found 4 plugins.
Preloading 0 native plugins for Editor in 0.00 ms.
Mono: successfully reloaded assembly
- Completed reload, in  1.672 seconds
Domain Reload Profiling:
	ReloadAssembly (1672ms)
		BeginReloadAssembly (203ms)
			ExecutionOrderSort (0ms)
			DisableScriptedObjects (7ms)
			BackupInstance (0ms)
			ReleaseScriptingObjects (0ms)
			CreateAndSetChildDomain (24ms)
		EndReloadAssembly (1390ms)
			LoadAssemblies (139ms)
			RebuildTransferFunctionScriptingTraits (0ms)
			SetupTypeCache (451ms)
			ReleaseScriptCaches (1ms)
			RebuildScriptCaches (62ms)
			SetupLoadedEditorAssemblies (629ms)
				LogAssemblyErrors (0ms)
				InitializePlatformSupportModulesInManaged (5ms)
				SetLoadedEditorAssemblies (0ms)
				RefreshPlugins (123ms)
				BeforeProcessingInitializeOnLoad (104ms)
				ProcessInitializeOnLoadAttributes (365ms)
				ProcessInitializeOnLoadMethodAttributes (21ms)
				AfterProcessingInitializeOnLoad (10ms)
				EditorAssembliesLoaded (0ms)
			ExecutionOrderSort2 (0ms)
			AwakeInstancesAfterBackupRestoration (9ms)
Platform modules already initialized, skipping
========================================================================
Worker process is ready to serve import requests
Launched and connected shader compiler UnityShaderCompiler.exe after 0.07 seconds
Refreshing native plugins compatible for Editor in 0.87 ms, found 4 plugins.
Preloading 0 native plugins for Editor in 0.00 ms.
Unloading 3676 Unused Serialized files (Serialized files now loaded: 0)
System memory in use before: 136.2 MB.
System memory in use after: 136.5 MB.

Unloading 30 unused Assets to reduce memory usage. Loaded Objects now: 4126.
Total: 5.252900 ms (FindLiveObjects: 0.414200 ms CreateObjectMapping: 0.105100 ms MarkObjects: 4.643200 ms  DeleteObjects: 0.088100 ms)

AssetImportParameters requested are different than current active one (requested -> active):
  custom:framework-win-MediaFoundation: 216162199b28c13a410421893ffa2e32 -> 
  custom:video-decoder-ogg-theora: a1e56fd34408186e4bbccfd4996cb3dc -> 
  custom:container-muxer-webm: aa71ff27fc2769a1b78a27578f13a17b -> 
  custom:container-demuxer-webm: 4f35f7cbe854078d1ac9338744f61a02 -> 
  custom:container-demuxer-ogg: 62fdf1f143b41e24485cea50d1cbac27 -> 
  custom:video-encoder-webm-vp8: eb34c28f22e8b96e1ab97ce403110664 -> 
  custom:video-decoder-webm-vp8: 9c59270c3fd7afecdb556c50c9e8de78 -> 
  custom:audio-decoder-ogg-vorbis: bf7c407c2cedff20999df2af8eb42d56 -> 
  custom:audio-encoder-webm-vorbis: bf7c407c2cedff20999df2af8eb42d56 -> 
========================================================================
Received Import Request.
  path: Assets
  artifactKey: Guid(00000000000000001000000000000000) Importer(815301076,1909f56bfc062723c751e8b465ee728b)
Start importing Assets using Guid(00000000000000001000000000000000) Importer(815301076,1909f56bfc062723c751e8b465ee728b)  -> (artifact id: '68a4034d3d715da871e781da702f0bc5') in 0.016593 seconds 
========================================================================
Received Import Request.
  Time since last request: 1.080950 seconds.
  path: Assets/Scripts
  artifactKey: Guid(a40ee336c2987fb41a25b09cf6c6e88e) Importer(815301076,1909f56bfc062723c751e8b465ee728b)
Start importing Assets/Scripts using Guid(a40ee336c2987fb41a25b09cf6c6e88e) Importer(815301076,1909f56bfc062723c751e8b465ee728b)  -> (artifact id: 'f35c296ec0337c1f7a564c443362c5e7') in 0.012393 seconds 
========================================================================
Received Import Request.
  Time since last request: 7.679746 seconds.
  path: Assets/Scripts/Weapon.cs
  artifactKey: Guid(5f85dc1f92e8af74896648e7dff26b0e) Importer(815301076,1909f56bfc062723c751e8b465ee728b)
Start importing Assets/Scripts/Weapon.cs using Guid(5f85dc1f92e8af74896648e7dff26b0e) Importer(815301076,1909f56bfc062723c751e8b465ee728b)  -> (artifact id: 'c73937a2f30ee6eb5b535538209a3477') in 0.052058 seconds 
========================================================================
Received Prepare
Registering precompiled user dll's ...
Registered in 0.006664 seconds.
Begin MonoManager ReloadAssembly
Symbol file LoadedFromMemory doesn't match image E:\MyProjects\SpaceGame\Space Game\Library\PackageCache\com.unity.visualscripting@1.6.1\Editor\VisualScripting.Core\Dependencies\YamlDotNet\Unity.VisualScripting.YamlDotNet.dll
Symbol file LoadedFromMemory doesn't match image E:\MyProjects\SpaceGame\Space Game\Library\PackageCache\com.unity.visualscripting@1.6.1\Editor\VisualScripting.Core\Dependencies\DotNetZip\Unity.VisualScripting.IonicZip.dll
Native extension for WindowsStandalone target not found
Refreshing native plugins compatible for Editor in 1.88 ms, found 4 plugins.
Preloading 0 native plugins for Editor in 0.00 ms.
Mono: successfully reloaded assembly
- Completed reload, in  1.572 seconds
Domain Reload Profiling:
	ReloadAssembly (1573ms)
		BeginReloadAssembly (197ms)
			ExecutionOrderSort (0ms)
			DisableScriptedObjects (9ms)
			BackupInstance (0ms)
			ReleaseScriptingObjects (0ms)
			CreateAndSetChildDomain (58ms)
		EndReloadAssembly (1260ms)
			LoadAssemblies (151ms)
			RebuildTransferFunctionScriptingTraits (0ms)
			SetupTypeCache (521ms)
			ReleaseScriptCaches (2ms)
			RebuildScriptCaches (58ms)
			SetupLoadedEditorAssemblies (409ms)
				LogAssemblyErrors (0ms)
				InitializePlatformSupportModulesInManaged (6ms)
				SetLoadedEditorAssemblies (1ms)
				RefreshPlugins (2ms)
				BeforeProcessingInitializeOnLoad (86ms)
				ProcessInitializeOnLoadAttributes (291ms)
				ProcessInitializeOnLoadMethodAttributes (11ms)
				AfterProcessingInitializeOnLoad (12ms)
				EditorAssembliesLoaded (0ms)
			ExecutionOrderSort2 (0ms)
			AwakeInstancesAfterBackupRestoration (15ms)
Platform modules already initialized, skipping
Refreshing native plugins compatible for Editor in 1.29 ms, found 4 plugins.
Preloading 0 native plugins for Editor in 0.00 ms.
Unloading 3667 Unused Serialized files (Serialized files now loaded: 0)
System memory in use before: 135.8 MB.
System memory in use after: 136.0 MB.

Unloading 18 unused Assets to reduce memory usage. Loaded Objects now: 4130.
Total: 4.883100 ms (FindLiveObjects: 0.467000 ms CreateObjectMapping: 0.105600 ms MarkObjects: 4.280100 ms  DeleteObjects: 0.028000 ms)

AssetImportParameters requested are different than current active one (requested -> active):
  custom:framework-win-MediaFoundation: 216162199b28c13a410421893ffa2e32 -> 
  custom:video-decoder-ogg-theora: a1e56fd34408186e4bbccfd4996cb3dc -> 
  custom:container-muxer-webm: aa71ff27fc2769a1b78a27578f13a17b -> 
  custom:container-demuxer-webm: 4f35f7cbe854078d1ac9338744f61a02 -> 
  custom:container-demuxer-ogg: 62fdf1f143b41e24485cea50d1cbac27 -> 
  custom:video-encoder-webm-vp8: eb34c28f22e8b96e1ab97ce403110664 -> 
  custom:video-decoder-webm-vp8: 9c59270c3fd7afecdb556c50c9e8de78 -> 
  custom:audio-decoder-ogg-vorbis: bf7c407c2cedff20999df2af8eb42d56 -> 
  custom:audio-encoder-webm-vorbis: bf7c407c2cedff20999df2af8eb42d56 -> 
========================================================================
Received Import Request.
  Time since last request: 164.437958 seconds.
  path: Assets/Scripts/Weapon.cs
  artifactKey: Guid(5f85dc1f92e8af74896648e7dff26b0e) Importer(815301076,1909f56bfc062723c751e8b465ee728b)
Start importing Assets/Scripts/Weapon.cs using Guid(5f85dc1f92e8af74896648e7dff26b0e) Importer(815301076,1909f56bfc062723c751e8b465ee728b)  -> (artifact id: '278a01c9bc6de8d6ae8ccb5cc9f18781') in 0.009492 seconds 
========================================================================
Received Import Request.
  Time since last request: 29.098375 seconds.
  path: Assets/Scripts/Weapon.cs
  artifactKey: Guid(5f85dc1f92e8af74896648e7dff26b0e) Importer(815301076,1909f56bfc062723c751e8b465ee728b)
Start importing Assets/Scripts/Weapon.cs using Guid(5f85dc1f92e8af74896648e7dff26b0e) Importer(815301076,1909f56bfc062723c751e8b465ee728b)  -> (artifact id: '1620ba8274632fb33fb9db14362ff235') in 0.004018 seconds 
========================================================================
Received Import Request.
  Time since last request: 41.487885 seconds.
  path: Assets/Scripts/Weapon.cs
  artifactKey: Guid(5f85dc1f92e8af74896648e7dff26b0e) Importer(815301076,1909f56bfc062723c751e8b465ee728b)
Start importing Assets/Scripts/Weapon.cs using Guid(5f85dc1f92e8af74896648e7dff26b0e) Importer(815301076,1909f56bfc062723c751e8b465ee728b)  -> (artifact id: '9d35570dbdac4dce253729f23d89051d') in 0.004506 seconds 
========================================================================
Received Prepare
Registering precompiled user dll's ...
Registered in 0.006312 seconds.
Begin MonoManager ReloadAssembly
Symbol file LoadedFromMemory doesn't match image E:\MyProjects\SpaceGame\Space Game\Library\PackageCache\com.unity.visualscripting@1.6.1\Editor\VisualScripting.Core\Dependencies\YamlDotNet\Unity.VisualScripting.YamlDotNet.dll
Symbol file LoadedFromMemory doesn't match image E:\MyProjects\SpaceGame\Space Game\Library\PackageCache\com.unity.visualscripting@1.6.1\Editor\VisualScripting.Core\Dependencies\DotNetZip\Unity.VisualScripting.IonicZip.dll
Native extension for WindowsStandalone target not found
Refreshing native plugins compatible for Editor in 0.87 ms, found 4 plugins.
Preloading 0 native plugins for Editor in 0.00 ms.
Mono: successfully reloaded assembly
- Completed reload, in  1.430 seconds
Domain Reload Profiling:
	ReloadAssembly (1430ms)
		BeginReloadAssembly (191ms)
			ExecutionOrderSort (0ms)
			DisableScriptedObjects (8ms)
			BackupInstance (0ms)
			ReleaseScriptingObjects (0ms)
			CreateAndSetChildDomain (57ms)
		EndReloadAssembly (1148ms)
			LoadAssemblies (165ms)
			RebuildTransferFunctionScriptingTraits (0ms)
			SetupTypeCache (434ms)
			ReleaseScriptCaches (2ms)
			RebuildScriptCaches (52ms)
			SetupLoadedEditorAssemblies (380ms)
				LogAssemblyErrors (0ms)
				InitializePlatformSupportModulesInManaged (6ms)
				SetLoadedEditorAssemblies (0ms)
				RefreshPlugins (1ms)
				BeforeProcessingInitializeOnLoad (81ms)
				ProcessInitializeOnLoadAttributes (264ms)
				ProcessInitializeOnLoadMethodAttributes (16ms)
				AfterProcessingInitializeOnLoad (13ms)
				EditorAssembliesLoaded (0ms)
			ExecutionOrderSort2 (0ms)
			AwakeInstancesAfterBackupRestoration (19ms)
Platform modules already initialized, skipping
Refreshing native plugins compatible for Editor in 0.90 ms, found 4 plugins.
Preloading 0 native plugins for Editor in 0.00 ms.
Unloading 3667 Unused Serialized files (Serialized files now loaded: 0)
System memory in use before: 135.8 MB.
System memory in use after: 136.1 MB.

Unloading 18 unused Assets to reduce memory usage. Loaded Objects now: 4133.
Total: 4.051100 ms (FindLiveObjects: 0.349800 ms CreateObjectMapping: 0.101400 ms MarkObjects: 3.575400 ms  DeleteObjects: 0.023200 ms)

AssetImportParameters requested are different than current active one (requested -> active):
  custom:framework-win-MediaFoundation: 216162199b28c13a410421893ffa2e32 -> 
  custom:video-decoder-ogg-theora: a1e56fd34408186e4bbccfd4996cb3dc -> 
  custom:container-muxer-webm: aa71ff27fc2769a1b78a27578f13a17b -> 
  custom:container-demuxer-webm: 4f35f7cbe854078d1ac9338744f61a02 -> 
  custom:container-demuxer-ogg: 62fdf1f143b41e24485cea50d1cbac27 -> 
  custom:video-encoder-webm-vp8: eb34c28f22e8b96e1ab97ce403110664 -> 
  custom:video-decoder-webm-vp8: 9c59270c3fd7afecdb556c50c9e8de78 -> 
  custom:audio-decoder-ogg-vorbis: bf7c407c2cedff20999df2af8eb42d56 -> 
  custom:audio-encoder-webm-vorbis: bf7c407c2cedff20999df2af8eb42d56 -> 
========================================================================
Received Import Request.
  Time since last request: 27.228355 seconds.
  path: Assets/Scripts/PlayerMovement.cs
  artifactKey: Guid(4c9bd121594ca724cb30000bc2ac8cef) Importer(815301076,1909f56bfc062723c751e8b465ee728b)
Start importing Assets/Scripts/PlayerMovement.cs using Guid(4c9bd121594ca724cb30000bc2ac8cef) Importer(815301076,1909f56bfc062723c751e8b465ee728b)  -> (artifact id: 'd36937c7f42877e9e279f9e94cc865b4') in 0.016950 seconds 
========================================================================
Received Prepare
Registering precompiled user dll's ...
Registered in 0.006180 seconds.
Begin MonoManager ReloadAssembly
Symbol file LoadedFromMemory doesn't match image E:\MyProjects\SpaceGame\Space Game\Library\PackageCache\com.unity.visualscripting@1.6.1\Editor\VisualScripting.Core\Dependencies\YamlDotNet\Unity.VisualScripting.YamlDotNet.dll
Symbol file LoadedFromMemory doesn't match image E:\MyProjects\SpaceGame\Space Game\Library\PackageCache\com.unity.visualscripting@1.6.1\Editor\VisualScripting.Core\Dependencies\DotNetZip\Unity.VisualScripting.IonicZip.dll
Native extension for WindowsStandalone target not found
Refreshing native plugins compatible for Editor in 0.97 ms, found 4 plugins.
Preloading 0 native plugins for Editor in 0.00 ms.
Mono: successfully reloaded assembly
- Completed reload, in  1.459 seconds
Domain Reload Profiling:
	ReloadAssembly (1460ms)
		BeginReloadAssembly (173ms)
			ExecutionOrderSort (0ms)
			DisableScriptedObjects (9ms)
			BackupInstance (0ms)
			ReleaseScriptingObjects (0ms)
			CreateAndSetChildDomain (60ms)
		EndReloadAssembly (1199ms)
			LoadAssemblies (134ms)
			RebuildTransferFunctionScriptingTraits (0ms)
			SetupTypeCache (475ms)
			ReleaseScriptCaches (2ms)
			RebuildScriptCaches (56ms)
			SetupLoadedEditorAssemblies (414ms)
				LogAssemblyErrors (0ms)
				InitializePlatformSupportModulesInManaged (6ms)
				SetLoadedEditorAssemblies (1ms)
				RefreshPlugins (1ms)
				BeforeProcessingInitializeOnLoad (80ms)
				ProcessInitializeOnLoadAttributes (303ms)
				ProcessInitializeOnLoadMethodAttributes (12ms)
				AfterProcessingInitializeOnLoad (11ms)
				EditorAssembliesLoaded (0ms)
			ExecutionOrderSort2 (0ms)
			AwakeInstancesAfterBackupRestoration (16ms)
Platform modules already initialized, skipping
Refreshing native plugins compatible for Editor in 1.35 ms, found 4 plugins.
Preloading 0 native plugins for Editor in 0.00 ms.
Unloading 3668 Unused Serialized files (Serialized files now loaded: 0)
System memory in use before: 135.9 MB.
System memory in use after: 136.1 MB.

Unloading 18 unused Assets to reduce memory usage. Loaded Objects now: 4137.
Total: 6.808700 ms (FindLiveObjects: 0.367300 ms CreateObjectMapping: 0.100500 ms MarkObjects: 6.280400 ms  DeleteObjects: 0.058000 ms)

AssetImportParameters requested are different than current active one (requested -> active):
  custom:framework-win-MediaFoundation: 216162199b28c13a410421893ffa2e32 -> 
  custom:video-decoder-ogg-theora: a1e56fd34408186e4bbccfd4996cb3dc -> 
  custom:container-muxer-webm: aa71ff27fc2769a1b78a27578f13a17b -> 
  custom:container-demuxer-webm: 4f35f7cbe854078d1ac9338744f61a02 -> 
  custom:container-demuxer-ogg: 62fdf1f143b41e24485cea50d1cbac27 -> 
  custom:video-encoder-webm-vp8: eb34c28f22e8b96e1ab97ce403110664 -> 
  custom:video-decoder-webm-vp8: 9c59270c3fd7afecdb556c50c9e8de78 -> 
  custom:audio-decoder-ogg-vorbis: bf7c407c2cedff20999df2af8eb42d56 -> 
  custom:audio-encoder-webm-vorbis: bf7c407c2cedff20999df2af8eb42d56 -> 
========================================================================
Received Import Request.
  Time since last request: 31.253996 seconds.
  path: Assets/Scripts/PlayerMovement.cs
  artifactKey: Guid(4c9bd121594ca724cb30000bc2ac8cef) Importer(815301076,1909f56bfc062723c751e8b465ee728b)
Start importing Assets/Scripts/PlayerMovement.cs using Guid(4c9bd121594ca724cb30000bc2ac8cef) Importer(815301076,1909f56bfc062723c751e8b465ee728b)  -> (artifact id: '0492f8b795c464b3b93bc8006a864464') in 0.023541 seconds 
========================================================================
Received Import Request.
  Time since last request: 38.165392 seconds.
  path: Assets/Scripts/PlayerMovement.cs
  artifactKey: Guid(4c9bd121594ca724cb30000bc2ac8cef) Importer(815301076,1909f56bfc062723c751e8b465ee728b)
Start importing Assets/Scripts/PlayerMovement.cs using Guid(4c9bd121594ca724cb30000bc2ac8cef) Importer(815301076,1909f56bfc062723c751e8b465ee728b)  -> (artifact id: '77457fca39f0856c8a127de7c1f41f3a') in 0.004618 seconds 
========================================================================
Received Import Request.
  Time since last request: 3.550425 seconds.
  path: Assets/Scripts/PlayerMovement.cs
  artifactKey: Guid(4c9bd121594ca724cb30000bc2ac8cef) Importer(815301076,1909f56bfc062723c751e8b465ee728b)
Start importing Assets/Scripts/PlayerMovement.cs using Guid(4c9bd121594ca724cb30000bc2ac8cef) Importer(815301076,1909f56bfc062723c751e8b465ee728b)  -> (artifact id: '90759ff9888abee7cd9c922bce3083b4') in 0.004876 seconds 
========================================================================
Received Import Request.
  Time since last request: 39.018221 seconds.
  path: Assets/Scripts/PlayerMovement.cs
  artifactKey: Guid(4c9bd121594ca724cb30000bc2ac8cef) Importer(815301076,1909f56bfc062723c751e8b465ee728b)
Start importing Assets/Scripts/PlayerMovement.cs using Guid(4c9bd121594ca724cb30000bc2ac8cef) Importer(815301076,1909f56bfc062723c751e8b465ee728b)  -> (artifact id: 'b278278cb38633ad7c451060e4c8400a') in 0.004832 seconds 
========================================================================
Received Import Request.
  Time since last request: 7.952873 seconds.
  path: Assets/Scripts/PlayerMovement.cs
  artifactKey: Guid(4c9bd121594ca724cb30000bc2ac8cef) Importer(815301076,1909f56bfc062723c751e8b465ee728b)
Start importing Assets/Scripts/PlayerMovement.cs using Guid(4c9bd121594ca724cb30000bc2ac8cef) Importer(815301076,1909f56bfc062723c751e8b465ee728b)  -> (artifact id: '1c3c74e6554051a53337243e179cf003') in 0.006060 seconds 
========================================================================
Received Import Request.
  Time since last request: 24.413219 seconds.
  path: Assets/Scripts/PlayerMovement.cs
  artifactKey: Guid(4c9bd121594ca724cb30000bc2ac8cef) Importer(815301076,1909f56bfc062723c751e8b465ee728b)
Start importing Assets/Scripts/PlayerMovement.cs using Guid(4c9bd121594ca724cb30000bc2ac8cef) Importer(815301076,1909f56bfc062723c751e8b465ee728b)  -> (artifact id: 'ab35a8e2d280812cf7e0b5b6b6879240') in 0.003368 seconds 
========================================================================
Received Import Request.
  Time since last request: 19.136526 seconds.
  path: Assets/Scripts/PlayerMovement.cs
  artifactKey: Guid(4c9bd121594ca724cb30000bc2ac8cef) Importer(815301076,1909f56bfc062723c751e8b465ee728b)
Start importing Assets/Scripts/PlayerMovement.cs using Guid(4c9bd121594ca724cb30000bc2ac8cef) Importer(815301076,1909f56bfc062723c751e8b465ee728b)  -> (artifact id: 'a10e42a229ed1b48d22a1df4697df2c6') in 0.006967 seconds 
========================================================================
Received Import Request.
  Time since last request: 22.272222 seconds.
  path: Assets/Scripts/PlayerMovement.cs
  artifactKey: Guid(4c9bd121594ca724cb30000bc2ac8cef) Importer(815301076,1909f56bfc062723c751e8b465ee728b)
Start importing Assets/Scripts/PlayerMovement.cs using Guid(4c9bd121594ca724cb30000bc2ac8cef) Importer(815301076,1909f56bfc062723c751e8b465ee728b)  -> (artifact id: 'dbe6a52fcf26990947c38d7e13274dbb') in 0.003613 seconds 
========================================================================
Received Import Request.
  Time since last request: 66.679820 seconds.
  path: Assets/Scripts/PlayerMovement.cs
  artifactKey: Guid(4c9bd121594ca724cb30000bc2ac8cef) Importer(815301076,1909f56bfc062723c751e8b465ee728b)
Start importing Assets/Scripts/PlayerMovement.cs using Guid(4c9bd121594ca724cb30000bc2ac8cef) Importer(815301076,1909f56bfc062723c751e8b465ee728b)  -> (artifact id: 'cf29878b4e6c10306af10d62bd9f5ec9') in 0.011456 seconds 
========================================================================
Received Import Request.
  Time since last request: 69.840337 seconds.
  path: Assets/Scripts/PlayerMovement.cs
  artifactKey: Guid(4c9bd121594ca724cb30000bc2ac8cef) Importer(815301076,1909f56bfc062723c751e8b465ee728b)
Start importing Assets/Scripts/PlayerMovement.cs using Guid(4c9bd121594ca724cb30000bc2ac8cef) Importer(815301076,1909f56bfc062723c751e8b465ee728b)  -> (artifact id: '7257d425e766de7ae5fecc7461d846c6') in 0.004038 seconds 
========================================================================
Received Import Request.
  Time since last request: 24.141746 seconds.
  path: Assets/Scripts/PlayerMovement.cs
  artifactKey: Guid(4c9bd121594ca724cb30000bc2ac8cef) Importer(815301076,1909f56bfc062723c751e8b465ee728b)
Start importing Assets/Scripts/PlayerMovement.cs using Guid(4c9bd121594ca724cb30000bc2ac8cef) Importer(815301076,1909f56bfc062723c751e8b465ee728b)  -> (artifact id: '90177c0f1c8f11cd32fcd470a9f97e0e') in 0.007423 seconds 
========================================================================
Received Import Request.
  Time since last request: 16.874720 seconds.
  path: Assets/Scripts/PlayerMovement.cs
  artifactKey: Guid(4c9bd121594ca724cb30000bc2ac8cef) Importer(815301076,1909f56bfc062723c751e8b465ee728b)
Start importing Assets/Scripts/PlayerMovement.cs using Guid(4c9bd121594ca724cb30000bc2ac8cef) Importer(815301076,1909f56bfc062723c751e8b465ee728b)  -> (artifact id: '1e560d7f45ca63abc1c10c4a51b41da6') in 0.003587 seconds 
========================================================================
Received Import Request.
  Time since last request: 28.193539 seconds.
  path: Assets/Scripts/PlayerMovement.cs
  artifactKey: Guid(4c9bd121594ca724cb30000bc2ac8cef) Importer(815301076,1909f56bfc062723c751e8b465ee728b)
Start importing Assets/Scripts/PlayerMovement.cs using Guid(4c9bd121594ca724cb30000bc2ac8cef) Importer(815301076,1909f56bfc062723c751e8b465ee728b)  -> (artifact id: '68f6b37e6f0fc2a8cc5176ba50e40c74') in 0.003406 seconds 
========================================================================
Received Import Request.
  Time since last request: 58.289035 seconds.
  path: Assets/Scripts/PlayerMovement.cs
  artifactKey: Guid(4c9bd121594ca724cb30000bc2ac8cef) Importer(815301076,1909f56bfc062723c751e8b465ee728b)
Start importing Assets/Scripts/PlayerMovement.cs using Guid(4c9bd121594ca724cb30000bc2ac8cef) Importer(815301076,1909f56bfc062723c751e8b465ee728b)  -> (artifact id: 'c344eca3783000ab93033d7e23082490') in 0.003578 seconds 
========================================================================
Received Import Request.
  Time since last request: 48.418479 seconds.
  path: Assets/Scripts/PlayerMovement.cs
  artifactKey: Guid(4c9bd121594ca724cb30000bc2ac8cef) Importer(815301076,1909f56bfc062723c751e8b465ee728b)
Start importing Assets/Scripts/PlayerMovement.cs using Guid(4c9bd121594ca724cb30000bc2ac8cef) Importer(815301076,1909f56bfc062723c751e8b465ee728b)  -> (artifact id: 'a7302fc9e6778523398d16f6da48881c') in 0.004085 seconds 
========================================================================
Received Import Request.
  Time since last request: 54.934023 seconds.
  path: Assets/Scripts/PlayerMovement.cs
  artifactKey: Guid(4c9bd121594ca724cb30000bc2ac8cef) Importer(815301076,1909f56bfc062723c751e8b465ee728b)
Start importing Assets/Scripts/PlayerMovement.cs using Guid(4c9bd121594ca724cb30000bc2ac8cef) Importer(815301076,1909f56bfc062723c751e8b465ee728b)  -> (artifact id: '3df7d8a6804a7ad4435bac93e37ceaac') in 0.006341 seconds 
========================================================================
Received Import Request.
  Time since last request: 57.543930 seconds.
  path: Assets/Scripts/PlayerMovement.cs
  artifactKey: Guid(4c9bd121594ca724cb30000bc2ac8cef) Importer(815301076,1909f56bfc062723c751e8b465ee728b)
Start importing Assets/Scripts/PlayerMovement.cs using Guid(4c9bd121594ca724cb30000bc2ac8cef) Importer(815301076,1909f56bfc062723c751e8b465ee728b)  -> (artifact id: 'c3362f89fcfb48efa1f1c18e9cc0837c') in 0.003572 seconds 
========================================================================
Received Import Request.
  Time since last request: 9.296852 seconds.
  path: Assets/Scripts/PlayerMovement.cs
  artifactKey: Guid(4c9bd121594ca724cb30000bc2ac8cef) Importer(815301076,1909f56bfc062723c751e8b465ee728b)
Start importing Assets/Scripts/PlayerMovement.cs using Guid(4c9bd121594ca724cb30000bc2ac8cef) Importer(815301076,1909f56bfc062723c751e8b465ee728b)  -> (artifact id: '826b0cd94b88577dfaf9eb3cc94aaed7') in 0.005899 seconds 
========================================================================
Received Import Request.
  Time since last request: 60.190328 seconds.
  path: Assets/Scripts/PlayerMovement.cs
  artifactKey: Guid(4c9bd121594ca724cb30000bc2ac8cef) Importer(815301076,1909f56bfc062723c751e8b465ee728b)
Start importing Assets/Scripts/PlayerMovement.cs using Guid(4c9bd121594ca724cb30000bc2ac8cef) Importer(815301076,1909f56bfc062723c751e8b465ee728b)  -> (artifact id: 'dccf93f4b52145dc592a5a5f0ddd59ee') in 0.003253 seconds 
========================================================================
Received Import Request.
  Time since last request: 109.277502 seconds.
  path: Assets/Weapons
  artifactKey: Guid(548f59e5aea62d047b34c0918d2ba4b1) Importer(815301076,1909f56bfc062723c751e8b465ee728b)
Start importing Assets/Weapons using Guid(548f59e5aea62d047b34c0918d2ba4b1) Importer(815301076,1909f56bfc062723c751e8b465ee728b)  -> (artifact id: '2a94fa7a88ca092f102837fbcaa6be07') in 0.009218 seconds 
========================================================================
Received Import Request.
  Time since last request: 56.519730 seconds.
  path: Assets/Scripts/Weapon.cs
  artifactKey: Guid(5f85dc1f92e8af74896648e7dff26b0e) Importer(815301076,1909f56bfc062723c751e8b465ee728b)
Start importing Assets/Scripts/Weapon.cs using Guid(5f85dc1f92e8af74896648e7dff26b0e) Importer(815301076,1909f56bfc062723c751e8b465ee728b)  -> (artifact id: 'd00c211d924516d2319942570971b61e') in 0.005537 seconds 
========================================================================
Received Prepare
Registering precompiled user dll's ...
Registered in 0.007750 seconds.
Begin MonoManager ReloadAssembly
Symbol file LoadedFromMemory doesn't match image E:\MyProjects\SpaceGame\Space Game\Library\PackageCache\com.unity.visualscripting@1.6.1\Editor\VisualScripting.Core\Dependencies\YamlDotNet\Unity.VisualScripting.YamlDotNet.dll
Symbol file LoadedFromMemory doesn't match image E:\MyProjects\SpaceGame\Space Game\Library\PackageCache\com.unity.visualscripting@1.6.1\Editor\VisualScripting.Core\Dependencies\DotNetZip\Unity.VisualScripting.IonicZip.dll
Native extension for WindowsStandalone target not found
Refreshing native plugins compatible for Editor in 0.89 ms, found 4 plugins.
Preloading 0 native plugins for Editor in 0.00 ms.
Mono: successfully reloaded assembly
- Completed reload, in  1.468 seconds
Domain Reload Profiling:
	ReloadAssembly (1469ms)
		BeginReloadAssembly (168ms)
			ExecutionOrderSort (0ms)
			DisableScriptedObjects (8ms)
			BackupInstance (0ms)
			ReleaseScriptingObjects (0ms)
			CreateAndSetChildDomain (56ms)
		EndReloadAssembly (1219ms)
			LoadAssemblies (134ms)
			RebuildTransferFunctionScriptingTraits (0ms)
			SetupTypeCache (482ms)
			ReleaseScriptCaches (4ms)
			RebuildScriptCaches (62ms)
			SetupLoadedEditorAssemblies (408ms)
				LogAssemblyErrors (0ms)
				InitializePlatformSupportModulesInManaged (7ms)
				SetLoadedEditorAssemblies (1ms)
				RefreshPlugins (1ms)
				BeforeProcessingInitializeOnLoad (94ms)
				ProcessInitializeOnLoadAttributes (279ms)
				ProcessInitializeOnLoadMethodAttributes (13ms)
				AfterProcessingInitializeOnLoad (13ms)
				EditorAssembliesLoaded (0ms)
			ExecutionOrderSort2 (0ms)
			AwakeInstancesAfterBackupRestoration (20ms)
Platform modules already initialized, skipping
Refreshing native plugins compatible for Editor in 1.55 ms, found 4 plugins.
Preloading 0 native plugins for Editor in 0.00 ms.
Unloading 3668 Unused Serialized files (Serialized files now loaded: 0)
System memory in use before: 135.9 MB.
System memory in use after: 136.2 MB.

Unloading 18 unused Assets to reduce memory usage. Loaded Objects now: 4140.
Total: 4.032400 ms (FindLiveObjects: 0.365400 ms CreateObjectMapping: 0.099400 ms MarkObjects: 3.528200 ms  DeleteObjects: 0.038000 ms)

AssetImportParameters requested are different than current active one (requested -> active):
  custom:framework-win-MediaFoundation: 216162199b28c13a410421893ffa2e32 -> 
  custom:video-decoder-ogg-theora: a1e56fd34408186e4bbccfd4996cb3dc -> 
  custom:container-muxer-webm: aa71ff27fc2769a1b78a27578f13a17b -> 
  custom:container-demuxer-webm: 4f35f7cbe854078d1ac9338744f61a02 -> 
  custom:container-demuxer-ogg: 62fdf1f143b41e24485cea50d1cbac27 -> 
  custom:video-encoder-webm-vp8: eb34c28f22e8b96e1ab97ce403110664 -> 
  custom:video-decoder-webm-vp8: 9c59270c3fd7afecdb556c50c9e8de78 -> 
  custom:audio-decoder-ogg-vorbis: bf7c407c2cedff20999df2af8eb42d56 -> 
  custom:audio-encoder-webm-vorbis: bf7c407c2cedff20999df2af8eb42d56 -> 
========================================================================
Received Import Request.
  Time since last request: 119.922414 seconds.
  path: Assets/Weapons/Axe.asset
  artifactKey: Guid(c98061780ef45ba478fc1c5f516a93dd) Importer(815301076,1909f56bfc062723c751e8b465ee728b)
Start importing Assets/Weapons/Axe.asset using Guid(c98061780ef45ba478fc1c5f516a93dd) Importer(815301076,1909f56bfc062723c751e8b465ee728b)  -> (artifact id: '479e94c771024d7b6d96b3b32cdfe6f0') in 0.035885 seconds 
========================================================================
Received Import Request.
  Time since last request: 28.499826 seconds.
  path: Assets/Scripts/PlayerMovement.cs
  artifactKey: Guid(4c9bd121594ca724cb30000bc2ac8cef) Importer(815301076,1909f56bfc062723c751e8b465ee728b)
Start importing Assets/Scripts/PlayerMovement.cs using Guid(4c9bd121594ca724cb30000bc2ac8cef) Importer(815301076,1909f56bfc062723c751e8b465ee728b)  -> (artifact id: 'ccd9ca996b29b7451c239ac61a32ccbc') in 0.005914 seconds 
========================================================================
Received Import Request.
  Time since last request: 0.275780 seconds.
  path: Assets/Scripts/Weapon.cs
  artifactKey: Guid(5f85dc1f92e8af74896648e7dff26b0e) Importer(815301076,1909f56bfc062723c751e8b465ee728b)
Start importing Assets/Scripts/Weapon.cs using Guid(5f85dc1f92e8af74896648e7dff26b0e) Importer(815301076,1909f56bfc062723c751e8b465ee728b)  -> (artifact id: '93a60742e89701b105afb3c9fcc80c7f') in 0.004587 seconds 
========================================================================
Received Import Request.
  Time since last request: 66.209577 seconds.
  path: Assets/Scripts/Weapon.cs
  artifactKey: Guid(5f85dc1f92e8af74896648e7dff26b0e) Importer(815301076,1909f56bfc062723c751e8b465ee728b)
Start importing Assets/Scripts/Weapon.cs using Guid(5f85dc1f92e8af74896648e7dff26b0e) Importer(815301076,1909f56bfc062723c751e8b465ee728b)  -> (artifact id: '46b66548e9c65a2724daec2d776bd8d3') in 0.008152 seconds 
========================================================================
Received Import Request.
  Time since last request: 29.470966 seconds.
  path: Assets/Scripts/Weapon.cs
  artifactKey: Guid(5f85dc1f92e8af74896648e7dff26b0e) Importer(815301076,1909f56bfc062723c751e8b465ee728b)
Start importing Assets/Scripts/Weapon.cs using Guid(5f85dc1f92e8af74896648e7dff26b0e) Importer(815301076,1909f56bfc062723c751e8b465ee728b)  -> (artifact id: '73a1ecd862b45f901053b3a04df3c7ae') in 0.008990 seconds 
========================================================================
Received Import Request.
  Time since last request: 40.976744 seconds.
  path: Assets/Scripts/Weapon.cs
  artifactKey: Guid(5f85dc1f92e8af74896648e7dff26b0e) Importer(815301076,1909f56bfc062723c751e8b465ee728b)
Start importing Assets/Scripts/Weapon.cs using Guid(5f85dc1f92e8af74896648e7dff26b0e) Importer(815301076,1909f56bfc062723c751e8b465ee728b)  -> (artifact id: '0d029ffb79d2181fdcd17b0dde73e9f0') in 0.005670 seconds 
========================================================================
Received Prepare
Registering precompiled user dll's ...
Registered in 0.005983 seconds.
Begin MonoManager ReloadAssembly
Symbol file LoadedFromMemory doesn't match image E:\MyProjects\SpaceGame\Space Game\Library\PackageCache\com.unity.visualscripting@1.6.1\Editor\VisualScripting.Core\Dependencies\YamlDotNet\Unity.VisualScripting.YamlDotNet.dll
Symbol file LoadedFromMemory doesn't match image E:\MyProjects\SpaceGame\Space Game\Library\PackageCache\com.unity.visualscripting@1.6.1\Editor\VisualScripting.Core\Dependencies\DotNetZip\Unity.VisualScripting.IonicZip.dll
Native extension for WindowsStandalone target not found
Refreshing native plugins compatible for Editor in 1.26 ms, found 4 plugins.
Preloading 0 native plugins for Editor in 0.00 ms.
Mono: successfully reloaded assembly
- Completed reload, in  1.407 seconds
Domain Reload Profiling:
	ReloadAssembly (1407ms)
		BeginReloadAssembly (162ms)
			ExecutionOrderSort (0ms)
			DisableScriptedObjects (8ms)
			BackupInstance (0ms)
			ReleaseScriptingObjects (0ms)
			CreateAndSetChildDomain (57ms)
		EndReloadAssembly (1166ms)
			LoadAssemblies (134ms)
			RebuildTransferFunctionScriptingTraits (0ms)
			SetupTypeCache (470ms)
			ReleaseScriptCaches (3ms)
			RebuildScriptCaches (56ms)
			SetupLoadedEditorAssemblies (381ms)
				LogAssemblyErrors (0ms)
				InitializePlatformSupportModulesInManaged (6ms)
				SetLoadedEditorAssemblies (1ms)
				RefreshPlugins (1ms)
				BeforeProcessingInitializeOnLoad (78ms)
				ProcessInitializeOnLoadAttributes (272ms)
				ProcessInitializeOnLoadMethodAttributes (12ms)
				AfterProcessingInitializeOnLoad (11ms)
				EditorAssembliesLoaded (0ms)
			ExecutionOrderSort2 (0ms)
			AwakeInstancesAfterBackupRestoration (13ms)
Platform modules already initialized, skipping
Refreshing native plugins compatible for Editor in 0.87 ms, found 4 plugins.
Preloading 0 native plugins for Editor in 0.00 ms.
Unloading 3668 Unused Serialized files (Serialized files now loaded: 0)
System memory in use before: 135.9 MB.
System memory in use after: 136.2 MB.

Unloading 18 unused Assets to reduce memory usage. Loaded Objects now: 4143.
Total: 4.499200 ms (FindLiveObjects: 0.369900 ms CreateObjectMapping: 0.101600 ms MarkObjects: 4.002200 ms  DeleteObjects: 0.023500 ms)

AssetImportParameters requested are different than current active one (requested -> active):
  custom:framework-win-MediaFoundation: 216162199b28c13a410421893ffa2e32 -> 
  custom:video-decoder-ogg-theora: a1e56fd34408186e4bbccfd4996cb3dc -> 
  custom:container-muxer-webm: aa71ff27fc2769a1b78a27578f13a17b -> 
  custom:container-demuxer-webm: 4f35f7cbe854078d1ac9338744f61a02 -> 
  custom:container-demuxer-ogg: 62fdf1f143b41e24485cea50d1cbac27 -> 
  custom:video-encoder-webm-vp8: eb34c28f22e8b96e1ab97ce403110664 -> 
  custom:video-decoder-webm-vp8: 9c59270c3fd7afecdb556c50c9e8de78 -> 
  custom:audio-decoder-ogg-vorbis: bf7c407c2cedff20999df2af8eb42d56 -> 
  custom:audio-encoder-webm-vorbis: bf7c407c2cedff20999df2af8eb42d56 -> 
========================================================================
Received Import Request.
  Time since last request: 33.586994 seconds.
  path: Assets/Weapons/New Weapon.asset
  artifactKey: Guid(c1d69c3bfb5ef594991f9b827c4f33ef) Importer(815301076,1909f56bfc062723c751e8b465ee728b)
Start importing Assets/Weapons/New Weapon.asset using Guid(c1d69c3bfb5ef594991f9b827c4f33ef) Importer(815301076,1909f56bfc062723c751e8b465ee728b)  -> (artifact id: '7542ebca9bb308cb90d127b568de7c25') in 0.033249 seconds 
========================================================================
Received Import Request.
  Time since last request: 4.336483 seconds.
  path: Assets/Weapons/Sword.asset
  artifactKey: Guid(c1d69c3bfb5ef594991f9b827c4f33ef) Importer(815301076,1909f56bfc062723c751e8b465ee728b)
Start importing Assets/Weapons/Sword.asset using Guid(c1d69c3bfb5ef594991f9b827c4f33ef) Importer(815301076,1909f56bfc062723c751e8b465ee728b)  -> (artifact id: '477623fcb0da5d1c03d2f36969e36dfa') in 0.010782 seconds 
========================================================================
Received Import Request.
  Time since last request: 426.973411 seconds.
  path: Assets/Scripts/Weapon.cs
  artifactKey: Guid(5f85dc1f92e8af74896648e7dff26b0e) Importer(815301076,1909f56bfc062723c751e8b465ee728b)
Start importing Assets/Scripts/Weapon.cs using Guid(5f85dc1f92e8af74896648e7dff26b0e) Importer(815301076,1909f56bfc062723c751e8b465ee728b)  -> (artifact id: '6484fa67fac2380a4f1d4466a3d6f034') in 0.006543 seconds 
========================================================================
Received Import Request.
  Time since last request: 10.582904 seconds.
  path: Assets/Scripts/Weapon.cs
  artifactKey: Guid(5f85dc1f92e8af74896648e7dff26b0e) Importer(815301076,1909f56bfc062723c751e8b465ee728b)
Start importing Assets/Scripts/Weapon.cs using Guid(5f85dc1f92e8af74896648e7dff26b0e) Importer(815301076,1909f56bfc062723c751e8b465ee728b)  -> (artifact id: 'c5d41189644f52d694e21f7ff6adc72e') in 0.004249 seconds 
========================================================================
Received Import Request.
  Time since last request: 228.908283 seconds.
  path: Assets/Scripts/Weapon.cs
  artifactKey: Guid(5f85dc1f92e8af74896648e7dff26b0e) Importer(815301076,1909f56bfc062723c751e8b465ee728b)
Start importing Assets/Scripts/Weapon.cs using Guid(5f85dc1f92e8af74896648e7dff26b0e) Importer(815301076,1909f56bfc062723c751e8b465ee728b)  -> (artifact id: '94fd43722268b3cdb4eb7972e2a2a5e3') in 0.007067 seconds 
========================================================================
Received Import Request.
  Time since last request: 8.931352 seconds.
  path: Assets/Scripts/Weapon.cs
  artifactKey: Guid(5f85dc1f92e8af74896648e7dff26b0e) Importer(815301076,1909f56bfc062723c751e8b465ee728b)
Start importing Assets/Scripts/Weapon.cs using Guid(5f85dc1f92e8af74896648e7dff26b0e) Importer(815301076,1909f56bfc062723c751e8b465ee728b)  -> (artifact id: '88863866de3a30ea17d0d8031aa623be') in 0.003256 seconds 
========================================================================
Received Import Request.
  Time since last request: 87.548105 seconds.
  path: Assets/Scripts/Weapon.cs
  artifactKey: Guid(5f85dc1f92e8af74896648e7dff26b0e) Importer(815301076,1909f56bfc062723c751e8b465ee728b)
Start importing Assets/Scripts/Weapon.cs using Guid(5f85dc1f92e8af74896648e7dff26b0e) Importer(815301076,1909f56bfc062723c751e8b465ee728b)  -> (artifact id: 'bf901d6c28a8d6e83723e64e1f0b13fd') in 0.005268 seconds 
========================================================================
Received Import Request.
  Time since last request: 16.876428 seconds.
  path: Assets/Scripts/Weapon.cs
  artifactKey: Guid(5f85dc1f92e8af74896648e7dff26b0e) Importer(815301076,1909f56bfc062723c751e8b465ee728b)
Start importing Assets/Scripts/Weapon.cs using Guid(5f85dc1f92e8af74896648e7dff26b0e) Importer(815301076,1909f56bfc062723c751e8b465ee728b)  -> (artifact id: '06776bbdced88259f25cf6aab6871f99') in 0.006171 seconds 
========================================================================
Received Import Request.
  Time since last request: 19.334495 seconds.
  path: Assets/Scripts/Weapon.cs
  artifactKey: Guid(5f85dc1f92e8af74896648e7dff26b0e) Importer(815301076,1909f56bfc062723c751e8b465ee728b)
Start importing Assets/Scripts/Weapon.cs using Guid(5f85dc1f92e8af74896648e7dff26b0e) Importer(815301076,1909f56bfc062723c751e8b465ee728b)  -> (artifact id: '79e5d8cbee2f823b127cf17518806485') in 0.004670 seconds 
========================================================================
Received Prepare
Registering precompiled user dll's ...
Registered in 0.005758 seconds.
Begin MonoManager ReloadAssembly
Symbol file LoadedFromMemory doesn't match image E:\MyProjects\SpaceGame\Space Game\Library\PackageCache\com.unity.visualscripting@1.6.1\Editor\VisualScripting.Core\Dependencies\YamlDotNet\Unity.VisualScripting.YamlDotNet.dll
Symbol file LoadedFromMemory doesn't match image E:\MyProjects\SpaceGame\Space Game\Library\PackageCache\com.unity.visualscripting@1.6.1\Editor\VisualScripting.Core\Dependencies\DotNetZip\Unity.VisualScripting.IonicZip.dll
Native extension for WindowsStandalone target not found
Refreshing native plugins compatible for Editor in 0.99 ms, found 4 plugins.
Preloading 0 native plugins for Editor in 0.00 ms.
Mono: successfully reloaded assembly
- Completed reload, in  1.475 seconds
Domain Reload Profiling:
	ReloadAssembly (1475ms)
		BeginReloadAssembly (175ms)
			ExecutionOrderSort (0ms)
			DisableScriptedObjects (8ms)
			BackupInstance (0ms)
			ReleaseScriptingObjects (0ms)
			CreateAndSetChildDomain (49ms)
		EndReloadAssembly (1220ms)
			LoadAssemblies (142ms)
			RebuildTransferFunctionScriptingTraits (0ms)
			SetupTypeCache (489ms)
			ReleaseScriptCaches (1ms)
			RebuildScriptCaches (51ms)
			SetupLoadedEditorAssemblies (428ms)
				LogAssemblyErrors (0ms)
				InitializePlatformSupportModulesInManaged (7ms)
				SetLoadedEditorAssemblies (1ms)
				RefreshPlugins (1ms)
				BeforeProcessingInitializeOnLoad (85ms)
				ProcessInitializeOnLoadAttributes (311ms)
				ProcessInitializeOnLoadMethodAttributes (11ms)
				AfterProcessingInitializeOnLoad (11ms)
				EditorAssembliesLoaded (0ms)
			ExecutionOrderSort2 (0ms)
			AwakeInstancesAfterBackupRestoration (14ms)
Platform modules already initialized, skipping
Refreshing native plugins compatible for Editor in 1.39 ms, found 4 plugins.
Preloading 0 native plugins for Editor in 0.00 ms.
Unloading 3668 Unused Serialized files (Serialized files now loaded: 0)
System memory in use before: 135.9 MB.
System memory in use after: 136.2 MB.

Unloading 18 unused Assets to reduce memory usage. Loaded Objects now: 4146.
Total: 5.110200 ms (FindLiveObjects: 0.396500 ms CreateObjectMapping: 0.104500 ms MarkObjects: 4.574300 ms  DeleteObjects: 0.033200 ms)

AssetImportParameters requested are different than current active one (requested -> active):
  custom:framework-win-MediaFoundation: 216162199b28c13a410421893ffa2e32 -> 
  custom:video-decoder-ogg-theora: a1e56fd34408186e4bbccfd4996cb3dc -> 
  custom:container-muxer-webm: aa71ff27fc2769a1b78a27578f13a17b -> 
  custom:container-demuxer-webm: 4f35f7cbe854078d1ac9338744f61a02 -> 
  custom:container-demuxer-ogg: 62fdf1f143b41e24485cea50d1cbac27 -> 
  custom:video-encoder-webm-vp8: eb34c28f22e8b96e1ab97ce403110664 -> 
  custom:video-decoder-webm-vp8: 9c59270c3fd7afecdb556c50c9e8de78 -> 
  custom:audio-decoder-ogg-vorbis: bf7c407c2cedff20999df2af8eb42d56 -> 
  custom:audio-encoder-webm-vorbis: bf7c407c2cedff20999df2af8eb42d56 -> 
========================================================================
Received Import Request.
  Time since last request: 10.090554 seconds.
  path: Assets/Weapons/Sword.asset
  artifactKey: Guid(c1d69c3bfb5ef594991f9b827c4f33ef) Importer(815301076,1909f56bfc062723c751e8b465ee728b)
Start importing Assets/Weapons/Sword.asset using Guid(c1d69c3bfb5ef594991f9b827c4f33ef) Importer(815301076,1909f56bfc062723c751e8b465ee728b)  -> (artifact id: 'ff4226d62cc4d239280b1515a7aee522') in 0.024905 seconds 
========================================================================
Received Import Request.
  Time since last request: 16.795842 seconds.
  path: Assets/Scripts/MeleeWeapon.cs
  artifactKey: Guid(fae59cef31f3df64f84f6004fe5eb079) Importer(815301076,1909f56bfc062723c751e8b465ee728b)
Start importing Assets/Scripts/MeleeWeapon.cs using Guid(fae59cef31f3df64f84f6004fe5eb079) Importer(815301076,1909f56bfc062723c751e8b465ee728b)  -> (artifact id: '896ca9392e8e68a38b41d0b6e8a87d64') in 0.016485 seconds 
========================================================================
Received Import Request.
  Time since last request: 31.231848 seconds.
  path: Assets/Scripts/MeleeWeapon.cs
  artifactKey: Guid(fae59cef31f3df64f84f6004fe5eb079) Importer(815301076,1909f56bfc062723c751e8b465ee728b)
Start importing Assets/Scripts/MeleeWeapon.cs using Guid(fae59cef31f3df64f84f6004fe5eb079) Importer(815301076,1909f56bfc062723c751e8b465ee728b)  -> (artifact id: '372eb1e1c7202c0781652614c004124f') in 0.006782 seconds 
========================================================================
Received Import Request.
  Time since last request: 52.969791 seconds.
  path: Assets/Scripts/MeleeWeapon.cs
  artifactKey: Guid(fae59cef31f3df64f84f6004fe5eb079) Importer(815301076,1909f56bfc062723c751e8b465ee728b)
Start importing Assets/Scripts/MeleeWeapon.cs using Guid(fae59cef31f3df64f84f6004fe5eb079) Importer(815301076,1909f56bfc062723c751e8b465ee728b)  -> (artifact id: '3f60b4c0295f89dedcab2a552e1bc626') in 0.005090 seconds 
========================================================================
Received Import Request.
  Time since last request: 28.512140 seconds.
  path: Assets/Scripts/MeleeWeapon.cs
  artifactKey: Guid(fae59cef31f3df64f84f6004fe5eb079) Importer(815301076,1909f56bfc062723c751e8b465ee728b)
Start importing Assets/Scripts/MeleeWeapon.cs using Guid(fae59cef31f3df64f84f6004fe5eb079) Importer(815301076,1909f56bfc062723c751e8b465ee728b)  -> (artifact id: 'ee9f3f31f81a747dba32c14efb2e73de') in 0.003857 seconds 
========================================================================
Received Prepare
Registering precompiled user dll's ...
Registered in 0.006168 seconds.
Begin MonoManager ReloadAssembly
Symbol file LoadedFromMemory doesn't match image E:\MyProjects\SpaceGame\Space Game\Library\PackageCache\com.unity.visualscripting@1.6.1\Editor\VisualScripting.Core\Dependencies\YamlDotNet\Unity.VisualScripting.YamlDotNet.dll
Symbol file LoadedFromMemory doesn't match image E:\MyProjects\SpaceGame\Space Game\Library\PackageCache\com.unity.visualscripting@1.6.1\Editor\VisualScripting.Core\Dependencies\DotNetZip\Unity.VisualScripting.IonicZip.dll
Native extension for WindowsStandalone target not found
Refreshing native plugins compatible for Editor in 0.94 ms, found 4 plugins.
Preloading 0 native plugins for Editor in 0.00 ms.
Mono: successfully reloaded assembly
- Completed reload, in  1.443 seconds
Domain Reload Profiling:
	ReloadAssembly (1443ms)
		BeginReloadAssembly (169ms)
			ExecutionOrderSort (0ms)
			DisableScriptedObjects (8ms)
			BackupInstance (0ms)
			ReleaseScriptingObjects (0ms)
			CreateAndSetChildDomain (52ms)
		EndReloadAssembly (1184ms)
			LoadAssemblies (148ms)
			RebuildTransferFunctionScriptingTraits (0ms)
			SetupTypeCache (450ms)
			ReleaseScriptCaches (1ms)
			RebuildScriptCaches (53ms)
			SetupLoadedEditorAssemblies (401ms)
				LogAssemblyErrors (0ms)
				InitializePlatformSupportModulesInManaged (6ms)
				SetLoadedEditorAssemblies (1ms)
				RefreshPlugins (1ms)
				BeforeProcessingInitializeOnLoad (82ms)
				ProcessInitializeOnLoadAttributes (289ms)
				ProcessInitializeOnLoadMethodAttributes (12ms)
				AfterProcessingInitializeOnLoad (11ms)
				EditorAssembliesLoaded (0ms)
			ExecutionOrderSort2 (0ms)
			AwakeInstancesAfterBackupRestoration (14ms)
Platform modules already initialized, skipping
Refreshing native plugins compatible for Editor in 0.90 ms, found 4 plugins.
Preloading 0 native plugins for Editor in 0.00 ms.
Unloading 3669 Unused Serialized files (Serialized files now loaded: 0)
System memory in use before: 136.0 MB.
System memory in use after: 136.2 MB.

Unloading 18 unused Assets to reduce memory usage. Loaded Objects now: 4150.
Total: 4.462700 ms (FindLiveObjects: 0.403000 ms CreateObjectMapping: 0.098700 ms MarkObjects: 3.935600 ms  DeleteObjects: 0.024200 ms)

AssetImportParameters requested are different than current active one (requested -> active):
  custom:framework-win-MediaFoundation: 216162199b28c13a410421893ffa2e32 -> 
  custom:video-decoder-ogg-theora: a1e56fd34408186e4bbccfd4996cb3dc -> 
  custom:container-muxer-webm: aa71ff27fc2769a1b78a27578f13a17b -> 
  custom:container-demuxer-webm: 4f35f7cbe854078d1ac9338744f61a02 -> 
  custom:container-demuxer-ogg: 62fdf1f143b41e24485cea50d1cbac27 -> 
  custom:video-encoder-webm-vp8: eb34c28f22e8b96e1ab97ce403110664 -> 
  custom:video-decoder-webm-vp8: 9c59270c3fd7afecdb556c50c9e8de78 -> 
  custom:audio-decoder-ogg-vorbis: bf7c407c2cedff20999df2af8eb42d56 -> 
  custom:audio-encoder-webm-vorbis: bf7c407c2cedff20999df2af8eb42d56 -> 
========================================================================
Received Import Request.
  Time since last request: 12.044039 seconds.
  path: Assets/Weapons/New Melee Weapon.asset
  artifactKey: Guid(cbaed9705c4b69c4fb74e5774a6fa93c) Importer(815301076,1909f56bfc062723c751e8b465ee728b)
Start importing Assets/Weapons/New Melee Weapon.asset using Guid(cbaed9705c4b69c4fb74e5774a6fa93c) Importer(815301076,1909f56bfc062723c751e8b465ee728b)  -> (artifact id: 'bb502a304e352bc92f0fc3433c9d742b') in 0.027770 seconds 
========================================================================
Received Prepare
Registering precompiled user dll's ...
Registered in 0.007425 seconds.
Begin MonoManager ReloadAssembly
Symbol file LoadedFromMemory doesn't match image E:\MyProjects\SpaceGame\Space Game\Library\PackageCache\com.unity.visualscripting@1.6.1\Editor\VisualScripting.Core\Dependencies\YamlDotNet\Unity.VisualScripting.YamlDotNet.dll
Symbol file LoadedFromMemory doesn't match image E:\MyProjects\SpaceGame\Space Game\Library\PackageCache\com.unity.visualscripting@1.6.1\Editor\VisualScripting.Core\Dependencies\DotNetZip\Unity.VisualScripting.IonicZip.dll
Native extension for WindowsStandalone target not found
Refreshing native plugins compatible for Editor in 1.19 ms, found 4 plugins.
Preloading 0 native plugins for Editor in 0.00 ms.
Mono: successfully reloaded assembly
- Completed reload, in  2.464 seconds
Domain Reload Profiling:
	ReloadAssembly (2464ms)
		BeginReloadAssembly (165ms)
			ExecutionOrderSort (0ms)
			DisableScriptedObjects (8ms)
			BackupInstance (0ms)
			ReleaseScriptingObjects (0ms)
			CreateAndSetChildDomain (53ms)
		EndReloadAssembly (2216ms)
			LoadAssemblies (132ms)
			RebuildTransferFunctionScriptingTraits (0ms)
			SetupTypeCache (467ms)
			ReleaseScriptCaches (3ms)
			RebuildScriptCaches (57ms)
			SetupLoadedEditorAssemblies (1433ms)
				LogAssemblyErrors (0ms)
				InitializePlatformSupportModulesInManaged (6ms)
				SetLoadedEditorAssemblies (1ms)
				RefreshPlugins (1ms)
				BeforeProcessingInitializeOnLoad (82ms)
				ProcessInitializeOnLoadAttributes (1322ms)
				ProcessInitializeOnLoadMethodAttributes (11ms)
				AfterProcessingInitializeOnLoad (10ms)
				EditorAssembliesLoaded (0ms)
			ExecutionOrderSort2 (0ms)
			AwakeInstancesAfterBackupRestoration (17ms)
Platform modules already initialized, skipping
Refreshing native plugins compatible for Editor in 0.87 ms, found 4 plugins.
Preloading 0 native plugins for Editor in 0.00 ms.
Unloading 3669 Unused Serialized files (Serialized files now loaded: 0)
System memory in use before: 136.0 MB.
System memory in use after: 136.2 MB.

Unloading 18 unused Assets to reduce memory usage. Loaded Objects now: 4153.
Total: 6.655000 ms (FindLiveObjects: 1.095600 ms CreateObjectMapping: 0.126300 ms MarkObjects: 5.402700 ms  DeleteObjects: 0.026100 ms)

AssetImportParameters requested are different than current active one (requested -> active):
  custom:framework-win-MediaFoundation: 216162199b28c13a410421893ffa2e32 -> 
  custom:video-decoder-ogg-theora: a1e56fd34408186e4bbccfd4996cb3dc -> 
  custom:container-muxer-webm: aa71ff27fc2769a1b78a27578f13a17b -> 
  custom:container-demuxer-webm: 4f35f7cbe854078d1ac9338744f61a02 -> 
  custom:container-demuxer-ogg: 62fdf1f143b41e24485cea50d1cbac27 -> 
  custom:video-encoder-webm-vp8: eb34c28f22e8b96e1ab97ce403110664 -> 
  custom:video-decoder-webm-vp8: 9c59270c3fd7afecdb556c50c9e8de78 -> 
  custom:audio-decoder-ogg-vorbis: bf7c407c2cedff20999df2af8eb42d56 -> 
  custom:audio-encoder-webm-vorbis: bf7c407c2cedff20999df2af8eb42d56 -> 
========================================================================
Received Prepare
Registering precompiled user dll's ...
Registered in 0.005893 seconds.
Begin MonoManager ReloadAssembly
Symbol file LoadedFromMemory doesn't match image E:\MyProjects\SpaceGame\Space Game\Library\PackageCache\com.unity.visualscripting@1.6.1\Editor\VisualScripting.Core\Dependencies\YamlDotNet\Unity.VisualScripting.YamlDotNet.dll
Symbol file LoadedFromMemory doesn't match image E:\MyProjects\SpaceGame\Space Game\Library\PackageCache\com.unity.visualscripting@1.6.1\Editor\VisualScripting.Core\Dependencies\DotNetZip\Unity.VisualScripting.IonicZip.dll
Native extension for WindowsStandalone target not found
Refreshing native plugins compatible for Editor in 0.90 ms, found 4 plugins.
Preloading 0 native plugins for Editor in 0.00 ms.
Mono: successfully reloaded assembly
- Completed reload, in  1.465 seconds
Domain Reload Profiling:
	ReloadAssembly (1466ms)
		BeginReloadAssembly (178ms)
			ExecutionOrderSort (0ms)
			DisableScriptedObjects (9ms)
			BackupInstance (0ms)
			ReleaseScriptingObjects (0ms)
			CreateAndSetChildDomain (59ms)
		EndReloadAssembly (1208ms)
			LoadAssemblies (155ms)
			RebuildTransferFunctionScriptingTraits (0ms)
			SetupTypeCache (448ms)
			ReleaseScriptCaches (3ms)
			RebuildScriptCaches (59ms)
			SetupLoadedEditorAssemblies (437ms)
				LogAssemblyErrors (0ms)
				InitializePlatformSupportModulesInManaged (6ms)
				SetLoadedEditorAssemblies (0ms)
				RefreshPlugins (1ms)
				BeforeProcessingInitializeOnLoad (80ms)
				ProcessInitializeOnLoadAttributes (328ms)
				ProcessInitializeOnLoadMethodAttributes (10ms)
				AfterProcessingInitializeOnLoad (10ms)
				EditorAssembliesLoaded (0ms)
			ExecutionOrderSort2 (0ms)
			AwakeInstancesAfterBackupRestoration (15ms)
Platform modules already initialized, skipping
Refreshing native plugins compatible for Editor in 1.05 ms, found 4 plugins.
Preloading 0 native plugins for Editor in 0.00 ms.
Unloading 3669 Unused Serialized files (Serialized files now loaded: 0)
System memory in use before: 136.0 MB.
System memory in use after: 136.2 MB.

Unloading 18 unused Assets to reduce memory usage. Loaded Objects now: 4156.
Total: 4.516400 ms (FindLiveObjects: 0.424500 ms CreateObjectMapping: 0.104800 ms MarkObjects: 3.962900 ms  DeleteObjects: 0.022600 ms)

AssetImportParameters requested are different than current active one (requested -> active):
  custom:framework-win-MediaFoundation: 216162199b28c13a410421893ffa2e32 -> 
  custom:video-decoder-ogg-theora: a1e56fd34408186e4bbccfd4996cb3dc -> 
  custom:container-muxer-webm: aa71ff27fc2769a1b78a27578f13a17b -> 
  custom:container-demuxer-webm: 4f35f7cbe854078d1ac9338744f61a02 -> 
  custom:container-demuxer-ogg: 62fdf1f143b41e24485cea50d1cbac27 -> 
  custom:video-encoder-webm-vp8: eb34c28f22e8b96e1ab97ce403110664 -> 
  custom:video-decoder-webm-vp8: 9c59270c3fd7afecdb556c50c9e8de78 -> 
  custom:audio-decoder-ogg-vorbis: bf7c407c2cedff20999df2af8eb42d56 -> 
  custom:audio-encoder-webm-vorbis: bf7c407c2cedff20999df2af8eb42d56 -> 
========================================================================
Received Import Request.
  Time since last request: 216.372535 seconds.
  path: Assets/Scripts/ProjectEnums.cs
  artifactKey: Guid(6624587cc5f52cc46ae1b03b452c4cc0) Importer(815301076,1909f56bfc062723c751e8b465ee728b)
Start importing Assets/Scripts/ProjectEnums.cs using Guid(6624587cc5f52cc46ae1b03b452c4cc0) Importer(815301076,1909f56bfc062723c751e8b465ee728b)  -> (artifact id: '9b888edf4f9bac24be3732f40d1bb823') in 0.018676 seconds 
========================================================================
Received Import Request.
  Time since last request: 48.559678 seconds.
  path: Assets/Scripts/ProjectEnums.cs
  artifactKey: Guid(6624587cc5f52cc46ae1b03b452c4cc0) Importer(815301076,1909f56bfc062723c751e8b465ee728b)
Start importing Assets/Scripts/ProjectEnums.cs using Guid(6624587cc5f52cc46ae1b03b452c4cc0) Importer(815301076,1909f56bfc062723c751e8b465ee728b)  -> (artifact id: '73a616aea743cbf654fa52dfd5624122') in 0.007155 seconds 
========================================================================
Received Import Request.
  Time since last request: 5.540822 seconds.
  path: Assets/Scripts/ProjectEnums.cs
  artifactKey: Guid(6624587cc5f52cc46ae1b03b452c4cc0) Importer(815301076,1909f56bfc062723c751e8b465ee728b)
Start importing Assets/Scripts/ProjectEnums.cs using Guid(6624587cc5f52cc46ae1b03b452c4cc0) Importer(815301076,1909f56bfc062723c751e8b465ee728b)  -> (artifact id: 'd36d240ec43cd99411079f2cb78d646c') in 0.008268 seconds 
========================================================================
Received Import Request.
  Time since last request: 7.400688 seconds.
  path: Assets/Scripts/ProjectEnums.cs
  artifactKey: Guid(6624587cc5f52cc46ae1b03b452c4cc0) Importer(815301076,1909f56bfc062723c751e8b465ee728b)
Start importing Assets/Scripts/ProjectEnums.cs using Guid(6624587cc5f52cc46ae1b03b452c4cc0) Importer(815301076,1909f56bfc062723c751e8b465ee728b)  -> (artifact id: '73aa850a9d9842c4802afb5e0a5bd2ee') in 0.006908 seconds 
========================================================================
Received Import Request.
  Time since last request: 37.821033 seconds.
  path: Assets/Scripts/ProjectEnums.cs
  artifactKey: Guid(6624587cc5f52cc46ae1b03b452c4cc0) Importer(815301076,1909f56bfc062723c751e8b465ee728b)
Start importing Assets/Scripts/ProjectEnums.cs using Guid(6624587cc5f52cc46ae1b03b452c4cc0) Importer(815301076,1909f56bfc062723c751e8b465ee728b)  -> (artifact id: 'fe6e7c48dd0caa2ddd61b9b12c82ae35') in 0.003283 seconds 
========================================================================
Received Prepare
Registering precompiled user dll's ...
Registered in 0.005846 seconds.
Begin MonoManager ReloadAssembly
Symbol file LoadedFromMemory doesn't match image E:\MyProjects\SpaceGame\Space Game\Library\PackageCache\com.unity.visualscripting@1.6.1\Editor\VisualScripting.Core\Dependencies\YamlDotNet\Unity.VisualScripting.YamlDotNet.dll
Symbol file LoadedFromMemory doesn't match image E:\MyProjects\SpaceGame\Space Game\Library\PackageCache\com.unity.visualscripting@1.6.1\Editor\VisualScripting.Core\Dependencies\DotNetZip\Unity.VisualScripting.IonicZip.dll
Native extension for WindowsStandalone target not found
Refreshing native plugins compatible for Editor in 0.91 ms, found 4 plugins.
Preloading 0 native plugins for Editor in 0.00 ms.
Mono: successfully reloaded assembly
- Completed reload, in  1.349 seconds
Domain Reload Profiling:
	ReloadAssembly (1349ms)
		BeginReloadAssembly (154ms)
			ExecutionOrderSort (0ms)
			DisableScriptedObjects (8ms)
			BackupInstance (0ms)
			ReleaseScriptingObjects (0ms)
			CreateAndSetChildDomain (46ms)
		EndReloadAssembly (1117ms)
			LoadAssemblies (132ms)
			RebuildTransferFunctionScriptingTraits (0ms)
			SetupTypeCache (421ms)
			ReleaseScriptCaches (1ms)
			RebuildScriptCaches (54ms)
			SetupLoadedEditorAssemblies (384ms)
				LogAssemblyErrors (0ms)
				InitializePlatformSupportModulesInManaged (6ms)
				SetLoadedEditorAssemblies (1ms)
				RefreshPlugins (1ms)
				BeforeProcessingInitializeOnLoad (91ms)
				ProcessInitializeOnLoadAttributes (264ms)
				ProcessInitializeOnLoadMethodAttributes (11ms)
				AfterProcessingInitializeOnLoad (10ms)
				EditorAssembliesLoaded (0ms)
			ExecutionOrderSort2 (0ms)
			AwakeInstancesAfterBackupRestoration (14ms)
Platform modules already initialized, skipping
Refreshing native plugins compatible for Editor in 1.26 ms, found 4 plugins.
Preloading 0 native plugins for Editor in 0.00 ms.
Unloading 3670 Unused Serialized files (Serialized files now loaded: 0)
System memory in use before: 136.0 MB.
System memory in use after: 136.3 MB.

Unloading 18 unused Assets to reduce memory usage. Loaded Objects now: 4160.
Total: 4.176200 ms (FindLiveObjects: 0.535300 ms CreateObjectMapping: 0.104700 ms MarkObjects: 3.510300 ms  DeleteObjects: 0.024300 ms)

AssetImportParameters requested are different than current active one (requested -> active):
  custom:framework-win-MediaFoundation: 216162199b28c13a410421893ffa2e32 -> 
  custom:video-decoder-ogg-theora: a1e56fd34408186e4bbccfd4996cb3dc -> 
  custom:container-muxer-webm: aa71ff27fc2769a1b78a27578f13a17b -> 
  custom:container-demuxer-webm: 4f35f7cbe854078d1ac9338744f61a02 -> 
  custom:container-demuxer-ogg: 62fdf1f143b41e24485cea50d1cbac27 -> 
  custom:video-encoder-webm-vp8: eb34c28f22e8b96e1ab97ce403110664 -> 
  custom:video-decoder-webm-vp8: 9c59270c3fd7afecdb556c50c9e8de78 -> 
  custom:audio-decoder-ogg-vorbis: bf7c407c2cedff20999df2af8eb42d56 -> 
  custom:audio-encoder-webm-vorbis: bf7c407c2cedff20999df2af8eb42d56 -> 
========================================================================
Received Import Request.
  Time since last request: 128.096681 seconds.
  path: Assets/Scripts/Weapon.cs
  artifactKey: Guid(5f85dc1f92e8af74896648e7dff26b0e) Importer(815301076,1909f56bfc062723c751e8b465ee728b)
Start importing Assets/Scripts/Weapon.cs using Guid(5f85dc1f92e8af74896648e7dff26b0e) Importer(815301076,1909f56bfc062723c751e8b465ee728b)  -> (artifact id: '5d2b93cc24c487e3b45bf3c5bba04579') in 0.021328 seconds 
========================================================================
Received Prepare
Registering precompiled user dll's ...
Registered in 0.006273 seconds.
Begin MonoManager ReloadAssembly
Symbol file LoadedFromMemory doesn't match image E:\MyProjects\SpaceGame\Space Game\Library\PackageCache\com.unity.visualscripting@1.6.1\Editor\VisualScripting.Core\Dependencies\YamlDotNet\Unity.VisualScripting.YamlDotNet.dll
Symbol file LoadedFromMemory doesn't match image E:\MyProjects\SpaceGame\Space Game\Library\PackageCache\com.unity.visualscripting@1.6.1\Editor\VisualScripting.Core\Dependencies\DotNetZip\Unity.VisualScripting.IonicZip.dll
Native extension for WindowsStandalone target not found
Refreshing native plugins compatible for Editor in 1.15 ms, found 4 plugins.
Preloading 0 native plugins for Editor in 0.00 ms.
Mono: successfully reloaded assembly
- Completed reload, in  1.416 seconds
Domain Reload Profiling:
	ReloadAssembly (1416ms)
		BeginReloadAssembly (165ms)
			ExecutionOrderSort (0ms)
			DisableScriptedObjects (8ms)
			BackupInstance (0ms)
			ReleaseScriptingObjects (0ms)
			CreateAndSetChildDomain (52ms)
		EndReloadAssembly (1172ms)
			LoadAssemblies (135ms)
			RebuildTransferFunctionScriptingTraits (0ms)
			SetupTypeCache (457ms)
			ReleaseScriptCaches (1ms)
			RebuildScriptCaches (52ms)
			SetupLoadedEditorAssemblies (406ms)
				LogAssemblyErrors (0ms)
				InitializePlatformSupportModulesInManaged (7ms)
				SetLoadedEditorAssemblies (1ms)
				RefreshPlugins (1ms)
				BeforeProcessingInitializeOnLoad (78ms)
				ProcessInitializeOnLoadAttributes (298ms)
				ProcessInitializeOnLoadMethodAttributes (10ms)
				AfterProcessingInitializeOnLoad (11ms)
				EditorAssembliesLoaded (0ms)
			ExecutionOrderSort2 (0ms)
			AwakeInstancesAfterBackupRestoration (13ms)
Platform modules already initialized, skipping
Refreshing native plugins compatible for Editor in 0.92 ms, found 4 plugins.
Preloading 0 native plugins for Editor in 0.00 ms.
Unloading 3670 Unused Serialized files (Serialized files now loaded: 0)
System memory in use before: 136.0 MB.
System memory in use after: 136.3 MB.

Unloading 18 unused Assets to reduce memory usage. Loaded Objects now: 4163.
Total: 4.979000 ms (FindLiveObjects: 0.782900 ms CreateObjectMapping: 0.173600 ms MarkObjects: 3.989900 ms  DeleteObjects: 0.030200 ms)

AssetImportParameters requested are different than current active one (requested -> active):
  custom:framework-win-MediaFoundation: 216162199b28c13a410421893ffa2e32 -> 
  custom:video-decoder-ogg-theora: a1e56fd34408186e4bbccfd4996cb3dc -> 
  custom:container-muxer-webm: aa71ff27fc2769a1b78a27578f13a17b -> 
  custom:container-demuxer-webm: 4f35f7cbe854078d1ac9338744f61a02 -> 
  custom:container-demuxer-ogg: 62fdf1f143b41e24485cea50d1cbac27 -> 
  custom:video-encoder-webm-vp8: eb34c28f22e8b96e1ab97ce403110664 -> 
  custom:video-decoder-webm-vp8: 9c59270c3fd7afecdb556c50c9e8de78 -> 
  custom:audio-decoder-ogg-vorbis: bf7c407c2cedff20999df2af8eb42d56 -> 
  custom:audio-encoder-webm-vorbis: bf7c407c2cedff20999df2af8eb42d56 -> 
========================================================================
Received Import Request.
  Time since last request: 380.807055 seconds.
  path: Assets/Weapons/Axe.asset
  artifactKey: Guid(cbaed9705c4b69c4fb74e5774a6fa93c) Importer(815301076,1909f56bfc062723c751e8b465ee728b)
Start importing Assets/Weapons/Axe.asset using Guid(cbaed9705c4b69c4fb74e5774a6fa93c) Importer(815301076,1909f56bfc062723c751e8b465ee728b)  -> (artifact id: '9065f0ba0dbf7f93be7d7c093a654949') in 0.026794 seconds 
========================================================================
Received Import Request.
  Time since last request: 4.583708 seconds.
  path: Assets/Weapons/BattleAxe.asset
  artifactKey: Guid(cbaed9705c4b69c4fb74e5774a6fa93c) Importer(815301076,1909f56bfc062723c751e8b465ee728b)
Start importing Assets/Weapons/BattleAxe.asset using Guid(cbaed9705c4b69c4fb74e5774a6fa93c) Importer(815301076,1909f56bfc062723c751e8b465ee728b)  -> (artifact id: '18340ef3c4238424a3e2d194514388f4') in 0.009086 seconds 
========================================================================
Received Prepare
Registering precompiled user dll's ...
Registered in 0.009030 seconds.
Begin MonoManager ReloadAssembly
Symbol file LoadedFromMemory doesn't match image E:\MyProjects\SpaceGame\Space Game\Library\PackageCache\com.unity.visualscripting@1.6.1\Editor\VisualScripting.Core\Dependencies\YamlDotNet\Unity.VisualScripting.YamlDotNet.dll
Symbol file LoadedFromMemory doesn't match image E:\MyProjects\SpaceGame\Space Game\Library\PackageCache\com.unity.visualscripting@1.6.1\Editor\VisualScripting.Core\Dependencies\DotNetZip\Unity.VisualScripting.IonicZip.dll
Native extension for WindowsStandalone target not found
Refreshing native plugins compatible for Editor in 0.91 ms, found 4 plugins.
Preloading 0 native plugins for Editor in 0.00 ms.
Mono: successfully reloaded assembly
- Completed reload, in  1.407 seconds
Domain Reload Profiling:
	ReloadAssembly (1407ms)
		BeginReloadAssembly (177ms)
			ExecutionOrderSort (0ms)
			DisableScriptedObjects (8ms)
			BackupInstance (0ms)
			ReleaseScriptingObjects (0ms)
			CreateAndSetChildDomain (52ms)
		EndReloadAssembly (1151ms)
			LoadAssemblies (156ms)
			RebuildTransferFunctionScriptingTraits (0ms)
			SetupTypeCache (469ms)
			ReleaseScriptCaches (2ms)
			RebuildScriptCaches (53ms)
			SetupLoadedEditorAssemblies (371ms)
				LogAssemblyErrors (0ms)
				InitializePlatformSupportModulesInManaged (6ms)
				SetLoadedEditorAssemblies (1ms)
				RefreshPlugins (1ms)
				BeforeProcessingInitializeOnLoad (80ms)
				ProcessInitializeOnLoadAttributes (263ms)
				ProcessInitializeOnLoadMethodAttributes (10ms)
				AfterProcessingInitializeOnLoad (10ms)
				EditorAssembliesLoaded (0ms)
			ExecutionOrderSort2 (0ms)
			AwakeInstancesAfterBackupRestoration (13ms)
Platform modules already initialized, skipping
Refreshing native plugins compatible for Editor in 0.88 ms, found 4 plugins.
Preloading 0 native plugins for Editor in 0.00 ms.
Unloading 3670 Unused Serialized files (Serialized files now loaded: 0)
System memory in use before: 136.0 MB.
System memory in use after: 136.3 MB.

Unloading 18 unused Assets to reduce memory usage. Loaded Objects now: 4166.
Total: 5.429100 ms (FindLiveObjects: 0.829200 ms CreateObjectMapping: 0.151700 ms MarkObjects: 4.419200 ms  DeleteObjects: 0.026200 ms)

AssetImportParameters requested are different than current active one (requested -> active):
  custom:framework-win-MediaFoundation: 216162199b28c13a410421893ffa2e32 -> 
  custom:video-decoder-ogg-theora: a1e56fd34408186e4bbccfd4996cb3dc -> 
  custom:container-muxer-webm: aa71ff27fc2769a1b78a27578f13a17b -> 
  custom:container-demuxer-webm: 4f35f7cbe854078d1ac9338744f61a02 -> 
  custom:container-demuxer-ogg: 62fdf1f143b41e24485cea50d1cbac27 -> 
  custom:video-encoder-webm-vp8: eb34c28f22e8b96e1ab97ce403110664 -> 
  custom:video-decoder-webm-vp8: 9c59270c3fd7afecdb556c50c9e8de78 -> 
  custom:audio-decoder-ogg-vorbis: bf7c407c2cedff20999df2af8eb42d56 -> 
  custom:audio-encoder-webm-vorbis: bf7c407c2cedff20999df2af8eb42d56 -> 
========================================================================
Received Prepare
Registering precompiled user dll's ...
Registered in 0.005848 seconds.
Begin MonoManager ReloadAssembly
Symbol file LoadedFromMemory doesn't match image E:\MyProjects\SpaceGame\Space Game\Library\PackageCache\com.unity.visualscripting@1.6.1\Editor\VisualScripting.Core\Dependencies\YamlDotNet\Unity.VisualScripting.YamlDotNet.dll
Symbol file LoadedFromMemory doesn't match image E:\MyProjects\SpaceGame\Space Game\Library\PackageCache\com.unity.visualscripting@1.6.1\Editor\VisualScripting.Core\Dependencies\DotNetZip\Unity.VisualScripting.IonicZip.dll
Native extension for WindowsStandalone target not found
Refreshing native plugins compatible for Editor in 0.89 ms, found 4 plugins.
Preloading 0 native plugins for Editor in 0.00 ms.
Mono: successfully reloaded assembly
- Completed reload, in  1.363 seconds
Domain Reload Profiling:
	ReloadAssembly (1363ms)
		BeginReloadAssembly (161ms)
			ExecutionOrderSort (0ms)
			DisableScriptedObjects (8ms)
			BackupInstance (0ms)
			ReleaseScriptingObjects (0ms)
			CreateAndSetChildDomain (49ms)
		EndReloadAssembly (1123ms)
			LoadAssemblies (131ms)
			RebuildTransferFunctionScriptingTraits (0ms)
			SetupTypeCache (424ms)
			ReleaseScriptCaches (1ms)
			RebuildScriptCaches (53ms)
			SetupLoadedEditorAssemblies (402ms)
				LogAssemblyErrors (0ms)
				InitializePlatformSupportModulesInManaged (6ms)
				SetLoadedEditorAssemblies (0ms)
				RefreshPlugins (1ms)
				BeforeProcessingInitializeOnLoad (95ms)
				ProcessInitializeOnLoadAttributes (277ms)
				ProcessInitializeOnLoadMethodAttributes (11ms)
				AfterProcessingInitializeOnLoad (11ms)
				EditorAssembliesLoaded (0ms)
			ExecutionOrderSort2 (0ms)
			AwakeInstancesAfterBackupRestoration (14ms)
Platform modules already initialized, skipping
Refreshing native plugins compatible for Editor in 1.24 ms, found 4 plugins.
Preloading 0 native plugins for Editor in 0.00 ms.
Unloading 3670 Unused Serialized files (Serialized files now loaded: 0)
System memory in use before: 136.0 MB.
System memory in use after: 136.3 MB.

Unloading 18 unused Assets to reduce memory usage. Loaded Objects now: 4169.
Total: 6.613400 ms (FindLiveObjects: 0.995300 ms CreateObjectMapping: 0.296500 ms MarkObjects: 5.268900 ms  DeleteObjects: 0.050500 ms)

AssetImportParameters requested are different than current active one (requested -> active):
  custom:framework-win-MediaFoundation: 216162199b28c13a410421893ffa2e32 -> 
  custom:video-decoder-ogg-theora: a1e56fd34408186e4bbccfd4996cb3dc -> 
  custom:container-muxer-webm: aa71ff27fc2769a1b78a27578f13a17b -> 
  custom:container-demuxer-webm: 4f35f7cbe854078d1ac9338744f61a02 -> 
  custom:container-demuxer-ogg: 62fdf1f143b41e24485cea50d1cbac27 -> 
  custom:video-encoder-webm-vp8: eb34c28f22e8b96e1ab97ce403110664 -> 
  custom:video-decoder-webm-vp8: 9c59270c3fd7afecdb556c50c9e8de78 -> 
  custom:audio-decoder-ogg-vorbis: bf7c407c2cedff20999df2af8eb42d56 -> 
  custom:audio-encoder-webm-vorbis: bf7c407c2cedff20999df2af8eb42d56 -> 
========================================================================
Received Prepare
Registering precompiled user dll's ...
Registered in 0.006067 seconds.
Begin MonoManager ReloadAssembly
Symbol file LoadedFromMemory doesn't match image E:\MyProjects\SpaceGame\Space Game\Library\PackageCache\com.unity.visualscripting@1.6.1\Editor\VisualScripting.Core\Dependencies\YamlDotNet\Unity.VisualScripting.YamlDotNet.dll
Symbol file LoadedFromMemory doesn't match image E:\MyProjects\SpaceGame\Space Game\Library\PackageCache\com.unity.visualscripting@1.6.1\Editor\VisualScripting.Core\Dependencies\DotNetZip\Unity.VisualScripting.IonicZip.dll
Native extension for WindowsStandalone target not found
Refreshing native plugins compatible for Editor in 1.03 ms, found 4 plugins.
Preloading 0 native plugins for Editor in 0.00 ms.
Mono: successfully reloaded assembly
- Completed reload, in  1.333 seconds
Domain Reload Profiling:
	ReloadAssembly (1334ms)
		BeginReloadAssembly (162ms)
			ExecutionOrderSort (0ms)
			DisableScriptedObjects (8ms)
			BackupInstance (0ms)
			ReleaseScriptingObjects (0ms)
			CreateAndSetChildDomain (50ms)
		EndReloadAssembly (1093ms)
			LoadAssemblies (133ms)
			RebuildTransferFunctionScriptingTraits (0ms)
			SetupTypeCache (419ms)
			ReleaseScriptCaches (2ms)
			RebuildScriptCaches (53ms)
			SetupLoadedEditorAssemblies (370ms)
				LogAssemblyErrors (0ms)
				InitializePlatformSupportModulesInManaged (6ms)
				SetLoadedEditorAssemblies (1ms)
				RefreshPlugins (1ms)
				BeforeProcessingInitializeOnLoad (79ms)
				ProcessInitializeOnLoadAttributes (262ms)
				ProcessInitializeOnLoadMethodAttributes (11ms)
				AfterProcessingInitializeOnLoad (10ms)
				EditorAssembliesLoaded (0ms)
			ExecutionOrderSort2 (0ms)
			AwakeInstancesAfterBackupRestoration (14ms)
Platform modules already initialized, skipping
Refreshing native plugins compatible for Editor in 0.99 ms, found 4 plugins.
Preloading 0 native plugins for Editor in 0.00 ms.
Unloading 3670 Unused Serialized files (Serialized files now loaded: 0)
System memory in use before: 136.0 MB.
System memory in use after: 136.3 MB.

Unloading 18 unused Assets to reduce memory usage. Loaded Objects now: 4172.
Total: 6.197200 ms (FindLiveObjects: 0.760900 ms CreateObjectMapping: 0.194400 ms MarkObjects: 5.215100 ms  DeleteObjects: 0.022900 ms)

AssetImportParameters requested are different than current active one (requested -> active):
  custom:framework-win-MediaFoundation: 216162199b28c13a410421893ffa2e32 -> 
  custom:video-decoder-ogg-theora: a1e56fd34408186e4bbccfd4996cb3dc -> 
  custom:container-muxer-webm: aa71ff27fc2769a1b78a27578f13a17b -> 
  custom:container-demuxer-webm: 4f35f7cbe854078d1ac9338744f61a02 -> 
  custom:container-demuxer-ogg: 62fdf1f143b41e24485cea50d1cbac27 -> 
  custom:video-encoder-webm-vp8: eb34c28f22e8b96e1ab97ce403110664 -> 
  custom:video-decoder-webm-vp8: 9c59270c3fd7afecdb556c50c9e8de78 -> 
  custom:audio-decoder-ogg-vorbis: bf7c407c2cedff20999df2af8eb42d56 -> 
  custom:audio-encoder-webm-vorbis: bf7c407c2cedff20999df2af8eb42d56 -> 
========================================================================
Received Import Request.
  Time since last request: 241.782628 seconds.
  path: Assets/Weapons/BattleAxe.asset
  artifactKey: Guid(cbaed9705c4b69c4fb74e5774a6fa93c) Importer(815301076,1909f56bfc062723c751e8b465ee728b)
Start importing Assets/Weapons/BattleAxe.asset using Guid(cbaed9705c4b69c4fb74e5774a6fa93c) Importer(815301076,1909f56bfc062723c751e8b465ee728b)  -> (artifact id: '941e54914c72b155a301ecc8e74c0304') in 0.023321 seconds 
========================================================================
Received Prepare
Registering precompiled user dll's ...
Registered in 0.012919 seconds.
Begin MonoManager ReloadAssembly
Symbol file LoadedFromMemory doesn't match image E:\MyProjects\SpaceGame\Space Game\Library\PackageCache\com.unity.visualscripting@1.6.1\Editor\VisualScripting.Core\Dependencies\YamlDotNet\Unity.VisualScripting.YamlDotNet.dll
Symbol file LoadedFromMemory doesn't match image E:\MyProjects\SpaceGame\Space Game\Library\PackageCache\com.unity.visualscripting@1.6.1\Editor\VisualScripting.Core\Dependencies\DotNetZip\Unity.VisualScripting.IonicZip.dll
Native extension for WindowsStandalone target not found
Refreshing native plugins compatible for Editor in 1.02 ms, found 4 plugins.
Preloading 0 native plugins for Editor in 0.00 ms.
Mono: successfully reloaded assembly
- Completed reload, in  1.543 seconds
Domain Reload Profiling:
	ReloadAssembly (1544ms)
		BeginReloadAssembly (162ms)
			ExecutionOrderSort (0ms)
			DisableScriptedObjects (8ms)
			BackupInstance (0ms)
			ReleaseScriptingObjects (0ms)
			CreateAndSetChildDomain (47ms)
		EndReloadAssembly (1301ms)
			LoadAssemblies (143ms)
			RebuildTransferFunctionScriptingTraits (0ms)
			SetupTypeCache (492ms)
			ReleaseScriptCaches (2ms)
			RebuildScriptCaches (65ms)
			SetupLoadedEditorAssemblies (462ms)
				LogAssemblyErrors (0ms)
				InitializePlatformSupportModulesInManaged (8ms)
				SetLoadedEditorAssemblies (1ms)
				RefreshPlugins (1ms)
				BeforeProcessingInitializeOnLoad (92ms)
				ProcessInitializeOnLoadAttributes (338ms)
				ProcessInitializeOnLoadMethodAttributes (10ms)
				AfterProcessingInitializeOnLoad (11ms)
				EditorAssembliesLoaded (0ms)
			ExecutionOrderSort2 (0ms)
			AwakeInstancesAfterBackupRestoration (15ms)
Platform modules already initialized, skipping
Refreshing native plugins compatible for Editor in 2.05 ms, found 4 plugins.
Preloading 0 native plugins for Editor in 0.00 ms.
Unloading 3670 Unused Serialized files (Serialized files now loaded: 0)
System memory in use before: 136.0 MB.
System memory in use after: 136.3 MB.

Unloading 18 unused Assets to reduce memory usage. Loaded Objects now: 4175.
Total: 4.306400 ms (FindLiveObjects: 0.406900 ms CreateObjectMapping: 0.098400 ms MarkObjects: 3.777400 ms  DeleteObjects: 0.022200 ms)

AssetImportParameters requested are different than current active one (requested -> active):
  custom:framework-win-MediaFoundation: 216162199b28c13a410421893ffa2e32 -> 
  custom:video-decoder-ogg-theora: a1e56fd34408186e4bbccfd4996cb3dc -> 
  custom:container-muxer-webm: aa71ff27fc2769a1b78a27578f13a17b -> 
  custom:container-demuxer-webm: 4f35f7cbe854078d1ac9338744f61a02 -> 
  custom:container-demuxer-ogg: 62fdf1f143b41e24485cea50d1cbac27 -> 
  custom:video-encoder-webm-vp8: eb34c28f22e8b96e1ab97ce403110664 -> 
  custom:video-decoder-webm-vp8: 9c59270c3fd7afecdb556c50c9e8de78 -> 
  custom:audio-decoder-ogg-vorbis: bf7c407c2cedff20999df2af8eb42d56 -> 
  custom:audio-encoder-webm-vorbis: bf7c407c2cedff20999df2af8eb42d56 -> 
AssetImportWorkerClient::OnTransportError - code=2 error=End of file
